[0.101s] DEBUG:colcon:Command line arguments: ['/usr/bin/colcon', 'build']
[0.102s] DEBUG:colcon:Parsed command line arguments: Namespace(log_base=None, log_level=None, verb_name='build', build_base='build', install_base='install', merge_install=False, symlink_install=False, test_result_base=None, continue_on_error=False, executor='parallel', parallel_workers=8, event_handlers=None, ignore_user_meta=False, metas=['./colcon.meta'], base_paths=['.'], packages_ignore=None, packages_ignore_regex=None, paths=None, packages_up_to=None, packages_up_to_regex=None, packages_above=None, packages_above_and_dependencies=None, packages_above_depth=None, packages_select_by_dep=None, packages_skip_by_dep=None, packages_skip_up_to=None, packages_select_build_failed=False, packages_skip_build_finished=False, packages_select_test_failures=False, packages_skip_test_passed=False, packages_select=None, packages_skip=None, packages_select_regex=None, packages_skip_regex=None, packages_start=None, packages_end=None, cmake_args=None, cmake_target=None, cmake_target_skip_unavailable=False, cmake_clean_cache=False, cmake_clean_first=False, cmake_force_configure=False, ament_cmake_args=None, catkin_cmake_args=None, catkin_skip_building_tests=False, mixin_files=None, mixin=None, verb_parser=<colcon_mixin.mixin.mixin_argument.MixinArgumentDecorator object at 0x7ffffe1baa50>, verb_extension=<colcon_core.verb.build.BuildVerb object at 0x7ffffe30ed20>, main=<bound method BuildVerb.main of <colcon_core.verb.build.BuildVerb object at 0x7ffffe30ed20>>, mixin_verb=('build',))
[0.136s] Level 1:colcon.colcon_core.package_discovery:discover_packages(colcon_meta) check parameters
[0.137s] Level 1:colcon.colcon_core.package_discovery:discover_packages(recursive) check parameters
[0.137s] Level 1:colcon.colcon_core.package_discovery:discover_packages(ignore) check parameters
[0.137s] Level 1:colcon.colcon_core.package_discovery:discover_packages(path) check parameters
[0.137s] Level 1:colcon.colcon_core.package_discovery:discover_packages(colcon_meta) discover
[0.137s] Level 1:colcon.colcon_core.package_discovery:discover_packages(recursive) discover
[0.137s] INFO:colcon.colcon_core.package_discovery:Crawling recursively for packages in '/ros_ws/src/student_src'
[0.138s] Level 1:colcon.colcon_core.package_identification:_identify(.) by extensions ['ignore', 'ignore_ament_install']
[0.138s] Level 1:colcon.colcon_core.package_identification:_identify(.) by extension 'ignore'
[0.138s] Level 1:colcon.colcon_core.package_identification:_identify(.) by extension 'ignore_ament_install'
[0.139s] Level 1:colcon.colcon_core.package_identification:_identify(.) by extensions ['colcon_pkg']
[0.139s] Level 1:colcon.colcon_core.package_identification:_identify(.) by extension 'colcon_pkg'
[0.139s] Level 1:colcon.colcon_core.package_identification:_identify(.) by extensions ['colcon_meta']
[0.139s] Level 1:colcon.colcon_core.package_identification:_identify(.) by extension 'colcon_meta'
[0.139s] Level 1:colcon.colcon_core.package_identification:_identify(.) by extensions ['ros']
[0.139s] Level 1:colcon.colcon_core.package_identification:_identify(.) by extension 'ros'
[0.163s] Level 1:colcon.colcon_core.package_identification:_identify(.) by extensions ['cmake', 'python']
[0.163s] Level 1:colcon.colcon_core.package_identification:_identify(.) by extension 'cmake'
[0.163s] Level 1:colcon.colcon_core.package_identification:_identify(.) by extension 'python'
[0.163s] Level 1:colcon.colcon_core.package_identification:_identify(.) by extensions ['python_setup_py']
[0.163s] Level 1:colcon.colcon_core.package_identification:_identify(.) by extension 'python_setup_py'
[0.164s] Level 1:colcon.colcon_core.package_identification:_identify(build) by extensions ['ignore', 'ignore_ament_install']
[0.164s] Level 1:colcon.colcon_core.package_identification:_identify(build) by extension 'ignore'
[0.164s] Level 1:colcon.colcon_core.package_identification:_identify(build) ignored
[0.165s] Level 1:colcon.colcon_core.package_identification:_identify(install) by extensions ['ignore', 'ignore_ament_install']
[0.165s] Level 1:colcon.colcon_core.package_identification:_identify(install) by extension 'ignore'
[0.165s] Level 1:colcon.colcon_core.package_identification:_identify(install) ignored
[0.166s] Level 1:colcon.colcon_core.package_identification:_identify(log) by extensions ['ignore', 'ignore_ament_install']
[0.166s] Level 1:colcon.colcon_core.package_identification:_identify(log) by extension 'ignore'
[0.166s] Level 1:colcon.colcon_core.package_identification:_identify(log) ignored
[0.166s] Level 1:colcon.colcon_core.package_identification:_identify(mk_color_filter) by extensions ['ignore', 'ignore_ament_install']
[0.167s] Level 1:colcon.colcon_core.package_identification:_identify(mk_color_filter) by extension 'ignore'
[0.167s] Level 1:colcon.colcon_core.package_identification:_identify(mk_color_filter) by extension 'ignore_ament_install'
[0.167s] Level 1:colcon.colcon_core.package_identification:_identify(mk_color_filter) by extensions ['colcon_pkg']
[0.167s] Level 1:colcon.colcon_core.package_identification:_identify(mk_color_filter) by extension 'colcon_pkg'
[0.167s] Level 1:colcon.colcon_core.package_identification:_identify(mk_color_filter) by extensions ['colcon_meta']
[0.167s] Level 1:colcon.colcon_core.package_identification:_identify(mk_color_filter) by extension 'colcon_meta'
[0.167s] Level 1:colcon.colcon_core.package_identification:_identify(mk_color_filter) by extensions ['ros']
[0.167s] Level 1:colcon.colcon_core.package_identification:_identify(mk_color_filter) by extension 'ros'
[0.172s] DEBUG:colcon.colcon_core.package_identification:Package 'mk_color_filter' with type 'ros.ament_python' and name 'mk_color_filter'
[0.173s] Level 1:colcon.colcon_core.package_identification:_identify(mk_odometry) by extensions ['ignore', 'ignore_ament_install']
[0.173s] Level 1:colcon.colcon_core.package_identification:_identify(mk_odometry) by extension 'ignore'
[0.173s] Level 1:colcon.colcon_core.package_identification:_identify(mk_odometry) by extension 'ignore_ament_install'
[0.173s] Level 1:colcon.colcon_core.package_identification:_identify(mk_odometry) by extensions ['colcon_pkg']
[0.173s] Level 1:colcon.colcon_core.package_identification:_identify(mk_odometry) by extension 'colcon_pkg'
[0.173s] Level 1:colcon.colcon_core.package_identification:_identify(mk_odometry) by extensions ['colcon_meta']
[0.173s] Level 1:colcon.colcon_core.package_identification:_identify(mk_odometry) by extension 'colcon_meta'
[0.173s] Level 1:colcon.colcon_core.package_identification:_identify(mk_odometry) by extensions ['ros']
[0.174s] Level 1:colcon.colcon_core.package_identification:_identify(mk_odometry) by extension 'ros'
[0.174s] DEBUG:colcon.colcon_core.package_identification:Package 'mk_odometry' with type 'ros.ament_python' and name 'mk_odometry'
[0.175s] Level 1:colcon.colcon_core.package_identification:_identify(mk_pid_control) by extensions ['ignore', 'ignore_ament_install']
[0.175s] Level 1:colcon.colcon_core.package_identification:_identify(mk_pid_control) by extension 'ignore'
[0.175s] Level 1:colcon.colcon_core.package_identification:_identify(mk_pid_control) by extension 'ignore_ament_install'
[0.175s] Level 1:colcon.colcon_core.package_identification:_identify(mk_pid_control) by extensions ['colcon_pkg']
[0.175s] Level 1:colcon.colcon_core.package_identification:_identify(mk_pid_control) by extension 'colcon_pkg'
[0.175s] Level 1:colcon.colcon_core.package_identification:_identify(mk_pid_control) by extensions ['colcon_meta']
[0.175s] Level 1:colcon.colcon_core.package_identification:_identify(mk_pid_control) by extension 'colcon_meta'
[0.175s] Level 1:colcon.colcon_core.package_identification:_identify(mk_pid_control) by extensions ['ros']
[0.175s] Level 1:colcon.colcon_core.package_identification:_identify(mk_pid_control) by extension 'ros'
[0.176s] DEBUG:colcon.colcon_core.package_identification:Package 'mk_pid_control' with type 'ros.ament_python' and name 'mk_pid_control'
[0.177s] Level 1:colcon.colcon_core.package_identification:_identify(mk_pkg) by extensions ['ignore', 'ignore_ament_install']
[0.177s] Level 1:colcon.colcon_core.package_identification:_identify(mk_pkg) by extension 'ignore'
[0.177s] Level 1:colcon.colcon_core.package_identification:_identify(mk_pkg) by extension 'ignore_ament_install'
[0.177s] Level 1:colcon.colcon_core.package_identification:_identify(mk_pkg) by extensions ['colcon_pkg']
[0.177s] Level 1:colcon.colcon_core.package_identification:_identify(mk_pkg) by extension 'colcon_pkg'
[0.177s] Level 1:colcon.colcon_core.package_identification:_identify(mk_pkg) by extensions ['colcon_meta']
[0.177s] Level 1:colcon.colcon_core.package_identification:_identify(mk_pkg) by extension 'colcon_meta'
[0.177s] Level 1:colcon.colcon_core.package_identification:_identify(mk_pkg) by extensions ['ros']
[0.177s] Level 1:colcon.colcon_core.package_identification:_identify(mk_pkg) by extension 'ros'
[0.178s] DEBUG:colcon.colcon_core.package_identification:Package 'mk_pkg' with type 'ros.ament_python' and name 'mk_pkg'
[0.178s] Level 1:colcon.colcon_core.package_discovery:discover_packages(recursive) using defaults
[0.178s] Level 1:colcon.colcon_core.package_discovery:discover_packages(ignore) discover
[0.178s] Level 1:colcon.colcon_core.package_discovery:discover_packages(ignore) using defaults
[0.178s] Level 1:colcon.colcon_core.package_discovery:discover_packages(path) discover
[0.178s] Level 1:colcon.colcon_core.package_discovery:discover_packages(path) using defaults
[0.195s] Level 5:colcon.colcon_core.verb:set package 'mk_color_filter' build argument 'cmake_args' from command line to 'None'
[0.195s] Level 5:colcon.colcon_core.verb:set package 'mk_color_filter' build argument 'cmake_target' from command line to 'None'
[0.196s] Level 5:colcon.colcon_core.verb:set package 'mk_color_filter' build argument 'cmake_target_skip_unavailable' from command line to 'False'
[0.196s] Level 5:colcon.colcon_core.verb:set package 'mk_color_filter' build argument 'cmake_clean_cache' from command line to 'False'
[0.196s] Level 5:colcon.colcon_core.verb:set package 'mk_color_filter' build argument 'cmake_clean_first' from command line to 'False'
[0.196s] Level 5:colcon.colcon_core.verb:set package 'mk_color_filter' build argument 'cmake_force_configure' from command line to 'False'
[0.196s] Level 5:colcon.colcon_core.verb:set package 'mk_color_filter' build argument 'ament_cmake_args' from command line to 'None'
[0.196s] Level 5:colcon.colcon_core.verb:set package 'mk_color_filter' build argument 'catkin_cmake_args' from command line to 'None'
[0.196s] Level 5:colcon.colcon_core.verb:set package 'mk_color_filter' build argument 'catkin_skip_building_tests' from command line to 'False'
[0.196s] DEBUG:colcon.colcon_core.verb:Building package 'mk_color_filter' with the following arguments: {'ament_cmake_args': None, 'build_base': '/ros_ws/src/student_src/build/mk_color_filter', 'catkin_cmake_args': None, 'catkin_skip_building_tests': False, 'cmake_args': None, 'cmake_clean_cache': False, 'cmake_clean_first': False, 'cmake_force_configure': False, 'cmake_target': None, 'cmake_target_skip_unavailable': False, 'install_base': '/ros_ws/src/student_src/install/mk_color_filter', 'merge_install': False, 'path': '/ros_ws/src/student_src/mk_color_filter', 'symlink_install': False, 'test_result_base': None}
[0.196s] Level 5:colcon.colcon_core.verb:set package 'mk_odometry' build argument 'cmake_args' from command line to 'None'
[0.196s] Level 5:colcon.colcon_core.verb:set package 'mk_odometry' build argument 'cmake_target' from command line to 'None'
[0.196s] Level 5:colcon.colcon_core.verb:set package 'mk_odometry' build argument 'cmake_target_skip_unavailable' from command line to 'False'
[0.196s] Level 5:colcon.colcon_core.verb:set package 'mk_odometry' build argument 'cmake_clean_cache' from command line to 'False'
[0.196s] Level 5:colcon.colcon_core.verb:set package 'mk_odometry' build argument 'cmake_clean_first' from command line to 'False'
[0.196s] Level 5:colcon.colcon_core.verb:set package 'mk_odometry' build argument 'cmake_force_configure' from command line to 'False'
[0.196s] Level 5:colcon.colcon_core.verb:set package 'mk_odometry' build argument 'ament_cmake_args' from command line to 'None'
[0.197s] Level 5:colcon.colcon_core.verb:set package 'mk_odometry' build argument 'catkin_cmake_args' from command line to 'None'
[0.197s] Level 5:colcon.colcon_core.verb:set package 'mk_odometry' build argument 'catkin_skip_building_tests' from command line to 'False'
[0.197s] DEBUG:colcon.colcon_core.verb:Building package 'mk_odometry' with the following arguments: {'ament_cmake_args': None, 'build_base': '/ros_ws/src/student_src/build/mk_odometry', 'catkin_cmake_args': None, 'catkin_skip_building_tests': False, 'cmake_args': None, 'cmake_clean_cache': False, 'cmake_clean_first': False, 'cmake_force_configure': False, 'cmake_target': None, 'cmake_target_skip_unavailable': False, 'install_base': '/ros_ws/src/student_src/install/mk_odometry', 'merge_install': False, 'path': '/ros_ws/src/student_src/mk_odometry', 'symlink_install': False, 'test_result_base': None}
[0.197s] Level 5:colcon.colcon_core.verb:set package 'mk_pid_control' build argument 'cmake_args' from command line to 'None'
[0.197s] Level 5:colcon.colcon_core.verb:set package 'mk_pid_control' build argument 'cmake_target' from command line to 'None'
[0.197s] Level 5:colcon.colcon_core.verb:set package 'mk_pid_control' build argument 'cmake_target_skip_unavailable' from command line to 'False'
[0.197s] Level 5:colcon.colcon_core.verb:set package 'mk_pid_control' build argument 'cmake_clean_cache' from command line to 'False'
[0.197s] Level 5:colcon.colcon_core.verb:set package 'mk_pid_control' build argument 'cmake_clean_first' from command line to 'False'
[0.197s] Level 5:colcon.colcon_core.verb:set package 'mk_pid_control' build argument 'cmake_force_configure' from command line to 'False'
[0.197s] Level 5:colcon.colcon_core.verb:set package 'mk_pid_control' build argument 'ament_cmake_args' from command line to 'None'
[0.197s] Level 5:colcon.colcon_core.verb:set package 'mk_pid_control' build argument 'catkin_cmake_args' from command line to 'None'
[0.197s] Level 5:colcon.colcon_core.verb:set package 'mk_pid_control' build argument 'catkin_skip_building_tests' from command line to 'False'
[0.197s] DEBUG:colcon.colcon_core.verb:Building package 'mk_pid_control' with the following arguments: {'ament_cmake_args': None, 'build_base': '/ros_ws/src/student_src/build/mk_pid_control', 'catkin_cmake_args': None, 'catkin_skip_building_tests': False, 'cmake_args': None, 'cmake_clean_cache': False, 'cmake_clean_first': False, 'cmake_force_configure': False, 'cmake_target': None, 'cmake_target_skip_unavailable': False, 'install_base': '/ros_ws/src/student_src/install/mk_pid_control', 'merge_install': False, 'path': '/ros_ws/src/student_src/mk_pid_control', 'symlink_install': False, 'test_result_base': None}
[0.197s] Level 5:colcon.colcon_core.verb:set package 'mk_pkg' build argument 'cmake_args' from command line to 'None'
[0.197s] Level 5:colcon.colcon_core.verb:set package 'mk_pkg' build argument 'cmake_target' from command line to 'None'
[0.197s] Level 5:colcon.colcon_core.verb:set package 'mk_pkg' build argument 'cmake_target_skip_unavailable' from command line to 'False'
[0.197s] Level 5:colcon.colcon_core.verb:set package 'mk_pkg' build argument 'cmake_clean_cache' from command line to 'False'
[0.197s] Level 5:colcon.colcon_core.verb:set package 'mk_pkg' build argument 'cmake_clean_first' from command line to 'False'
[0.198s] Level 5:colcon.colcon_core.verb:set package 'mk_pkg' build argument 'cmake_force_configure' from command line to 'False'
[0.198s] Level 5:colcon.colcon_core.verb:set package 'mk_pkg' build argument 'ament_cmake_args' from command line to 'None'
[0.198s] Level 5:colcon.colcon_core.verb:set package 'mk_pkg' build argument 'catkin_cmake_args' from command line to 'None'
[0.198s] Level 5:colcon.colcon_core.verb:set package 'mk_pkg' build argument 'catkin_skip_building_tests' from command line to 'False'
[0.198s] DEBUG:colcon.colcon_core.verb:Building package 'mk_pkg' with the following arguments: {'ament_cmake_args': None, 'build_base': '/ros_ws/src/student_src/build/mk_pkg', 'catkin_cmake_args': None, 'catkin_skip_building_tests': False, 'cmake_args': None, 'cmake_clean_cache': False, 'cmake_clean_first': False, 'cmake_force_configure': False, 'cmake_target': None, 'cmake_target_skip_unavailable': False, 'install_base': '/ros_ws/src/student_src/install/mk_pkg', 'merge_install': False, 'path': '/ros_ws/src/student_src/mk_pkg', 'symlink_install': False, 'test_result_base': None}
[0.198s] INFO:colcon.colcon_core.executor:Executing jobs using 'parallel' executor
[0.201s] DEBUG:colcon.colcon_parallel_executor.executor.parallel:run_until_complete
[0.202s] INFO:colcon.colcon_ros.task.ament_python.build:Building ROS package in '/ros_ws/src/student_src/mk_color_filter' with build type 'ament_python'
[0.203s] Level 1:colcon.colcon_core.shell:create_environment_hook('mk_color_filter', 'ament_prefix_path')
[0.205s] INFO:colcon.colcon_core.plugin_system:Skipping extension 'colcon_core.shell.bat': Not used on non-Windows systems
[0.205s] INFO:colcon.colcon_core.shell:Creating environment hook '/ros_ws/src/student_src/install/mk_color_filter/share/mk_color_filter/hook/ament_prefix_path.ps1'
[0.207s] INFO:colcon.colcon_core.shell:Creating environment descriptor '/ros_ws/src/student_src/install/mk_color_filter/share/mk_color_filter/hook/ament_prefix_path.dsv'
[0.208s] INFO:colcon.colcon_core.shell:Creating environment hook '/ros_ws/src/student_src/install/mk_color_filter/share/mk_color_filter/hook/ament_prefix_path.sh'
[0.209s] INFO:colcon.colcon_core.shell:Skip shell extension 'powershell' for command environment: Not usable outside of PowerShell
[0.209s] DEBUG:colcon.colcon_core.shell:Skip shell extension 'dsv' for command environment
[0.217s] INFO:colcon.colcon_ros.task.ament_python.build:Building ROS package in '/ros_ws/src/student_src/mk_odometry' with build type 'ament_python'
[0.218s] Level 1:colcon.colcon_core.shell:create_environment_hook('mk_odometry', 'ament_prefix_path')
[0.218s] INFO:colcon.colcon_core.shell:Creating environment hook '/ros_ws/src/student_src/install/mk_odometry/share/mk_odometry/hook/ament_prefix_path.ps1'
[0.222s] INFO:colcon.colcon_core.shell:Creating environment descriptor '/ros_ws/src/student_src/install/mk_odometry/share/mk_odometry/hook/ament_prefix_path.dsv'
[0.222s] INFO:colcon.colcon_core.shell:Creating environment hook '/ros_ws/src/student_src/install/mk_odometry/share/mk_odometry/hook/ament_prefix_path.sh'
[0.223s] INFO:colcon.colcon_core.shell:Skip shell extension 'powershell' for command environment: Not usable outside of PowerShell
[0.224s] DEBUG:colcon.colcon_core.shell:Skip shell extension 'dsv' for command environment
[0.230s] INFO:colcon.colcon_ros.task.ament_python.build:Building ROS package in '/ros_ws/src/student_src/mk_pid_control' with build type 'ament_python'
[0.230s] Level 1:colcon.colcon_core.shell:create_environment_hook('mk_pid_control', 'ament_prefix_path')
[0.231s] INFO:colcon.colcon_core.shell:Creating environment hook '/ros_ws/src/student_src/install/mk_pid_control/share/mk_pid_control/hook/ament_prefix_path.ps1'
[0.234s] INFO:colcon.colcon_core.shell:Creating environment descriptor '/ros_ws/src/student_src/install/mk_pid_control/share/mk_pid_control/hook/ament_prefix_path.dsv'
[0.235s] INFO:colcon.colcon_core.shell:Creating environment hook '/ros_ws/src/student_src/install/mk_pid_control/share/mk_pid_control/hook/ament_prefix_path.sh'
[0.237s] INFO:colcon.colcon_core.shell:Skip shell extension 'powershell' for command environment: Not usable outside of PowerShell
[0.237s] DEBUG:colcon.colcon_core.shell:Skip shell extension 'dsv' for command environment
[0.243s] INFO:colcon.colcon_ros.task.ament_python.build:Building ROS package in '/ros_ws/src/student_src/mk_pkg' with build type 'ament_python'
[0.244s] Level 1:colcon.colcon_core.shell:create_environment_hook('mk_pkg', 'ament_prefix_path')
[0.244s] INFO:colcon.colcon_core.shell:Creating environment hook '/ros_ws/src/student_src/install/mk_pkg/share/mk_pkg/hook/ament_prefix_path.ps1'
[0.247s] INFO:colcon.colcon_core.shell:Creating environment descriptor '/ros_ws/src/student_src/install/mk_pkg/share/mk_pkg/hook/ament_prefix_path.dsv'
[0.251s] INFO:colcon.colcon_core.shell:Creating environment hook '/ros_ws/src/student_src/install/mk_pkg/share/mk_pkg/hook/ament_prefix_path.sh'
[0.253s] INFO:colcon.colcon_core.shell:Skip shell extension 'powershell' for command environment: Not usable outside of PowerShell
[0.254s] DEBUG:colcon.colcon_core.shell:Skip shell extension 'dsv' for command environment
[0.522s] INFO:colcon.colcon_core.task.python.build:Building Python package in '/ros_ws/src/student_src/mk_color_filter'
[0.523s] INFO:colcon.colcon_core.shell:Skip shell extension 'powershell' for command environment: Not usable outside of PowerShell
[0.523s] DEBUG:colcon.colcon_core.shell:Skip shell extension 'dsv' for command environment
[0.776s] INFO:colcon.colcon_core.task.python.build:Building Python package in '/ros_ws/src/student_src/mk_odometry'
[0.777s] INFO:colcon.colcon_core.shell:Skip shell extension 'powershell' for command environment: Not usable outside of PowerShell
[0.777s] DEBUG:colcon.colcon_core.shell:Skip shell extension 'dsv' for command environment
[1.036s] INFO:colcon.colcon_core.task.python.build:Building Python package in '/ros_ws/src/student_src/mk_pid_control'
[1.036s] INFO:colcon.colcon_core.shell:Skip shell extension 'powershell' for command environment: Not usable outside of PowerShell
[1.036s] DEBUG:colcon.colcon_core.shell:Skip shell extension 'dsv' for command environment
[1.300s] INFO:colcon.colcon_core.task.python.build:Building Python package in '/ros_ws/src/student_src/mk_pkg'
[1.300s] INFO:colcon.colcon_core.shell:Skip shell extension 'powershell' for command environment: Not usable outside of PowerShell
[1.300s] DEBUG:colcon.colcon_core.shell:Skip shell extension 'dsv' for command environment
[1.889s] DEBUG:colcon.colcon_core.event_handler.log_command:Invoking command in '/ros_ws/src/student_src/build/mk_odometry': PYTHONPATH=/ros_ws/src/student_src/build/mk_odometry/prefix_override:/usr/lib/python3/dist-packages/colcon_core/task/python/colcon_distutils_commands:/ros_ws/src/student_src/install/mk_odometry/lib/python3.12/site-packages:${PYTHONPATH} /usr/bin/python3 -W ignore:setup.py install is deprecated -W ignore:easy_install command is deprecated setup.py develop --uninstall --editable --build-directory /ros_ws/src/student_src/build/mk_odometry/build
[1.896s] DEBUG:colcon.colcon_core.event_handler.log_command:Invoking command in '/ros_ws/src/student_src/mk_color_filter': PYTHONPATH=/ros_ws/src/student_src/build/mk_color_filter/prefix_override:/usr/lib/python3/dist-packages/colcon_core/task/python/colcon_distutils_commands:/ros_ws/src/student_src/install/mk_color_filter/lib/python3.12/site-packages:${PYTHONPATH} /usr/bin/python3 -W ignore:setup.py install is deprecated -W ignore:easy_install command is deprecated setup.py egg_info --egg-base ../build/mk_color_filter build --build-base /ros_ws/src/student_src/build/mk_color_filter/build install --record /ros_ws/src/student_src/build/mk_color_filter/install.log --single-version-externally-managed install_data
[1.900s] DEBUG:colcon.colcon_core.event_handler.log_command:Invoking command in '/ros_ws/src/student_src/build/mk_pid_control': PYTHONPATH=/ros_ws/src/student_src/build/mk_pid_control/prefix_override:/usr/lib/python3/dist-packages/colcon_core/task/python/colcon_distutils_commands:/ros_ws/src/student_src/install/mk_pid_control/lib/python3.12/site-packages:${PYTHONPATH} /usr/bin/python3 -W ignore:setup.py install is deprecated -W ignore:easy_install command is deprecated setup.py develop --uninstall --editable --build-directory /ros_ws/src/student_src/build/mk_pid_control/build
[1.914s] DEBUG:colcon.colcon_core.event_handler.log_command:Invoking command in '/ros_ws/src/student_src/build/mk_pkg': PYTHONPATH=/ros_ws/src/student_src/build/mk_pkg/prefix_override:/usr/lib/python3/dist-packages/colcon_core/task/python/colcon_distutils_commands:/ros_ws/src/student_src/install/mk_pkg/lib/python3.12/site-packages:${PYTHONPATH} /usr/bin/python3 -W ignore:setup.py install is deprecated -W ignore:easy_install command is deprecated setup.py develop --uninstall --editable --build-directory /ros_ws/src/student_src/build/mk_pkg/build
[2.409s] DEBUG:colcon.colcon_core.event_handler.log_command:Invoked command in '/ros_ws/src/student_src/build/mk_odometry' returned '0': PYTHONPATH=/ros_ws/src/student_src/build/mk_odometry/prefix_override:/usr/lib/python3/dist-packages/colcon_core/task/python/colcon_distutils_commands:/ros_ws/src/student_src/install/mk_odometry/lib/python3.12/site-packages:${PYTHONPATH} /usr/bin/python3 -W ignore:setup.py install is deprecated -W ignore:easy_install command is deprecated setup.py develop --uninstall --editable --build-directory /ros_ws/src/student_src/build/mk_odometry/build
[2.415s] DEBUG:colcon.colcon_core.event_handler.log_command:Invoking command in '/ros_ws/src/student_src/mk_odometry': PYTHONPATH=/ros_ws/src/student_src/build/mk_odometry/prefix_override:/usr/lib/python3/dist-packages/colcon_core/task/python/colcon_distutils_commands:/ros_ws/src/student_src/install/mk_odometry/lib/python3.12/site-packages:${PYTHONPATH} /usr/bin/python3 -W ignore:setup.py install is deprecated -W ignore:easy_install command is deprecated setup.py egg_info --egg-base ../build/mk_odometry build --build-base /ros_ws/src/student_src/build/mk_odometry/build install --record /ros_ws/src/student_src/build/mk_odometry/install.log --single-version-externally-managed install_data --force
[2.427s] DEBUG:colcon.colcon_core.event_handler.log_command:Invoked command in '/ros_ws/src/student_src/build/mk_pid_control' returned '0': PYTHONPATH=/ros_ws/src/student_src/build/mk_pid_control/prefix_override:/usr/lib/python3/dist-packages/colcon_core/task/python/colcon_distutils_commands:/ros_ws/src/student_src/install/mk_pid_control/lib/python3.12/site-packages:${PYTHONPATH} /usr/bin/python3 -W ignore:setup.py install is deprecated -W ignore:easy_install command is deprecated setup.py develop --uninstall --editable --build-directory /ros_ws/src/student_src/build/mk_pid_control/build
[2.434s] DEBUG:colcon.colcon_core.event_handler.log_command:Invoking command in '/ros_ws/src/student_src/mk_pid_control': PYTHONPATH=/ros_ws/src/student_src/build/mk_pid_control/prefix_override:/usr/lib/python3/dist-packages/colcon_core/task/python/colcon_distutils_commands:/ros_ws/src/student_src/install/mk_pid_control/lib/python3.12/site-packages:${PYTHONPATH} /usr/bin/python3 -W ignore:setup.py install is deprecated -W ignore:easy_install command is deprecated setup.py egg_info --egg-base ../build/mk_pid_control build --build-base /ros_ws/src/student_src/build/mk_pid_control/build install --record /ros_ws/src/student_src/build/mk_pid_control/install.log --single-version-externally-managed install_data --force
[2.445s] DEBUG:colcon.colcon_core.event_handler.log_command:Invoked command in '/ros_ws/src/student_src/build/mk_pkg' returned '0': PYTHONPATH=/ros_ws/src/student_src/build/mk_pkg/prefix_override:/usr/lib/python3/dist-packages/colcon_core/task/python/colcon_distutils_commands:/ros_ws/src/student_src/install/mk_pkg/lib/python3.12/site-packages:${PYTHONPATH} /usr/bin/python3 -W ignore:setup.py install is deprecated -W ignore:easy_install command is deprecated setup.py develop --uninstall --editable --build-directory /ros_ws/src/student_src/build/mk_pkg/build
[2.453s] DEBUG:colcon.colcon_core.event_handler.log_command:Invoking command in '/ros_ws/src/student_src/mk_pkg': PYTHONPATH=/ros_ws/src/student_src/build/mk_pkg/prefix_override:/usr/lib/python3/dist-packages/colcon_core/task/python/colcon_distutils_commands:/ros_ws/src/student_src/install/mk_pkg/lib/python3.12/site-packages:${PYTHONPATH} /usr/bin/python3 -W ignore:setup.py install is deprecated -W ignore:easy_install command is deprecated setup.py egg_info --egg-base ../build/mk_pkg build --build-base /ros_ws/src/student_src/build/mk_pkg/build install --record /ros_ws/src/student_src/build/mk_pkg/install.log --single-version-externally-managed install_data --force
[2.487s] DEBUG:colcon.colcon_core.event_handler.log_command:Invoked command in '/ros_ws/src/student_src/mk_color_filter' returned '0': PYTHONPATH=/ros_ws/src/student_src/build/mk_color_filter/prefix_override:/usr/lib/python3/dist-packages/colcon_core/task/python/colcon_distutils_commands:/ros_ws/src/student_src/install/mk_color_filter/lib/python3.12/site-packages:${PYTHONPATH} /usr/bin/python3 -W ignore:setup.py install is deprecated -W ignore:easy_install command is deprecated setup.py egg_info --egg-base ../build/mk_color_filter build --build-base /ros_ws/src/student_src/build/mk_color_filter/build install --record /ros_ws/src/student_src/build/mk_color_filter/install.log --single-version-externally-managed install_data
[2.489s] Level 1:colcon.colcon_core.environment:checking '/ros_ws/src/student_src/install/mk_color_filter' for CMake module files
[2.491s] Level 1:colcon.colcon_core.environment:checking '/ros_ws/src/student_src/install/mk_color_filter' for CMake config files
[2.494s] Level 1:colcon.colcon_core.environment:checking '/ros_ws/src/student_src/install/mk_color_filter/lib'
[2.494s] Level 1:colcon.colcon_core.environment:checking '/ros_ws/src/student_src/install/mk_color_filter/bin'
[2.494s] Level 1:colcon.colcon_core.environment:checking '/ros_ws/src/student_src/install/mk_color_filter/lib/pkgconfig/mk_color_filter.pc'
[2.495s] Level 1:colcon.colcon_core.environment:checking '/ros_ws/src/student_src/install/mk_color_filter/lib/python3.12/site-packages'
[2.495s] Level 1:colcon.colcon_core.shell:create_environment_hook('mk_color_filter', 'pythonpath')
[2.495s] INFO:colcon.colcon_core.shell:Creating environment hook '/ros_ws/src/student_src/install/mk_color_filter/share/mk_color_filter/hook/pythonpath.ps1'
[2.496s] INFO:colcon.colcon_core.shell:Creating environment descriptor '/ros_ws/src/student_src/install/mk_color_filter/share/mk_color_filter/hook/pythonpath.dsv'
[2.497s] INFO:colcon.colcon_core.shell:Creating environment hook '/ros_ws/src/student_src/install/mk_color_filter/share/mk_color_filter/hook/pythonpath.sh'
[2.498s] Level 1:colcon.colcon_core.environment:checking '/ros_ws/src/student_src/install/mk_color_filter/bin'
[2.498s] Level 1:colcon.colcon_core.environment:create_environment_scripts_only(mk_color_filter)
[2.498s] INFO:colcon.colcon_core.shell:Creating package script '/ros_ws/src/student_src/install/mk_color_filter/share/mk_color_filter/package.ps1'
[2.500s] INFO:colcon.colcon_core.shell:Creating package descriptor '/ros_ws/src/student_src/install/mk_color_filter/share/mk_color_filter/package.dsv'
[2.500s] INFO:colcon.colcon_core.shell:Creating package script '/ros_ws/src/student_src/install/mk_color_filter/share/mk_color_filter/package.sh'
[2.501s] INFO:colcon.colcon_core.shell:Creating package script '/ros_ws/src/student_src/install/mk_color_filter/share/mk_color_filter/package.bash'
[2.502s] INFO:colcon.colcon_core.shell:Creating package script '/ros_ws/src/student_src/install/mk_color_filter/share/mk_color_filter/package.zsh'
[2.503s] Level 1:colcon.colcon_core.environment:create_file_with_runtime_dependencies(/ros_ws/src/student_src/install/mk_color_filter/share/colcon-core/packages/mk_color_filter)
[2.998s] Level 1:colcon.colcon_core.environment:checking '/ros_ws/src/student_src/install/mk_odometry' for CMake module files
[2.999s] DEBUG:colcon.colcon_core.event_handler.log_command:Invoked command in '/ros_ws/src/student_src/mk_odometry' returned '0': PYTHONPATH=/ros_ws/src/student_src/build/mk_odometry/prefix_override:/usr/lib/python3/dist-packages/colcon_core/task/python/colcon_distutils_commands:/ros_ws/src/student_src/install/mk_odometry/lib/python3.12/site-packages:${PYTHONPATH} /usr/bin/python3 -W ignore:setup.py install is deprecated -W ignore:easy_install command is deprecated setup.py egg_info --egg-base ../build/mk_odometry build --build-base /ros_ws/src/student_src/build/mk_odometry/build install --record /ros_ws/src/student_src/build/mk_odometry/install.log --single-version-externally-managed install_data --force
[3.001s] Level 1:colcon.colcon_core.environment:checking '/ros_ws/src/student_src/install/mk_odometry' for CMake config files
[3.004s] Level 1:colcon.colcon_core.environment:checking '/ros_ws/src/student_src/install/mk_odometry/lib'
[3.004s] Level 1:colcon.colcon_core.environment:checking '/ros_ws/src/student_src/install/mk_odometry/bin'
[3.005s] Level 1:colcon.colcon_core.environment:checking '/ros_ws/src/student_src/install/mk_odometry/lib/pkgconfig/mk_odometry.pc'
[3.005s] Level 1:colcon.colcon_core.environment:checking '/ros_ws/src/student_src/install/mk_odometry/lib/python3.12/site-packages'
[3.005s] Level 1:colcon.colcon_core.shell:create_environment_hook('mk_odometry', 'pythonpath')
[3.005s] INFO:colcon.colcon_core.shell:Creating environment hook '/ros_ws/src/student_src/install/mk_odometry/share/mk_odometry/hook/pythonpath.ps1'
[3.006s] INFO:colcon.colcon_core.shell:Creating environment descriptor '/ros_ws/src/student_src/install/mk_odometry/share/mk_odometry/hook/pythonpath.dsv'
[3.007s] INFO:colcon.colcon_core.shell:Creating environment hook '/ros_ws/src/student_src/install/mk_odometry/share/mk_odometry/hook/pythonpath.sh'
[3.008s] Level 1:colcon.colcon_core.environment:checking '/ros_ws/src/student_src/install/mk_odometry/bin'
[3.008s] Level 1:colcon.colcon_core.environment:create_environment_scripts_only(mk_odometry)
[3.008s] INFO:colcon.colcon_core.shell:Creating package script '/ros_ws/src/student_src/install/mk_odometry/share/mk_odometry/package.ps1'
[3.009s] INFO:colcon.colcon_core.shell:Creating package descriptor '/ros_ws/src/student_src/install/mk_odometry/share/mk_odometry/package.dsv'
[3.009s] INFO:colcon.colcon_core.shell:Creating package script '/ros_ws/src/student_src/install/mk_odometry/share/mk_odometry/package.sh'
[3.010s] INFO:colcon.colcon_core.shell:Creating package script '/ros_ws/src/student_src/install/mk_odometry/share/mk_odometry/package.bash'
[3.010s] INFO:colcon.colcon_core.shell:Creating package script '/ros_ws/src/student_src/install/mk_odometry/share/mk_odometry/package.zsh'
[3.010s] Level 1:colcon.colcon_core.environment:create_file_with_runtime_dependencies(/ros_ws/src/student_src/install/mk_odometry/share/colcon-core/packages/mk_odometry)
[3.012s] Level 1:colcon.colcon_core.environment:checking '/ros_ws/src/student_src/install/mk_pid_control' for CMake module files
[3.015s] DEBUG:colcon.colcon_core.event_handler.log_command:Invoked command in '/ros_ws/src/student_src/mk_pid_control' returned '0': PYTHONPATH=/ros_ws/src/student_src/build/mk_pid_control/prefix_override:/usr/lib/python3/dist-packages/colcon_core/task/python/colcon_distutils_commands:/ros_ws/src/student_src/install/mk_pid_control/lib/python3.12/site-packages:${PYTHONPATH} /usr/bin/python3 -W ignore:setup.py install is deprecated -W ignore:easy_install command is deprecated setup.py egg_info --egg-base ../build/mk_pid_control build --build-base /ros_ws/src/student_src/build/mk_pid_control/build install --record /ros_ws/src/student_src/build/mk_pid_control/install.log --single-version-externally-managed install_data --force
[3.018s] Level 1:colcon.colcon_core.environment:checking '/ros_ws/src/student_src/install/mk_pid_control' for CMake config files
[3.021s] Level 1:colcon.colcon_core.environment:checking '/ros_ws/src/student_src/install/mk_pid_control/lib'
[3.023s] Level 1:colcon.colcon_core.environment:checking '/ros_ws/src/student_src/install/mk_pid_control/bin'
[3.023s] Level 1:colcon.colcon_core.environment:checking '/ros_ws/src/student_src/install/mk_pid_control/lib/pkgconfig/mk_pid_control.pc'
[3.023s] Level 1:colcon.colcon_core.environment:checking '/ros_ws/src/student_src/install/mk_pid_control/lib/python3.12/site-packages'
[3.023s] Level 1:colcon.colcon_core.shell:create_environment_hook('mk_pid_control', 'pythonpath')
[3.024s] INFO:colcon.colcon_core.shell:Creating environment hook '/ros_ws/src/student_src/install/mk_pid_control/share/mk_pid_control/hook/pythonpath.ps1'
[3.026s] INFO:colcon.colcon_core.shell:Creating environment descriptor '/ros_ws/src/student_src/install/mk_pid_control/share/mk_pid_control/hook/pythonpath.dsv'
[3.027s] INFO:colcon.colcon_core.shell:Creating environment hook '/ros_ws/src/student_src/install/mk_pid_control/share/mk_pid_control/hook/pythonpath.sh'
[3.028s] Level 1:colcon.colcon_core.environment:checking '/ros_ws/src/student_src/install/mk_pid_control/bin'
[3.029s] Level 1:colcon.colcon_core.environment:create_environment_scripts_only(mk_pid_control)
[3.029s] INFO:colcon.colcon_core.shell:Creating package script '/ros_ws/src/student_src/install/mk_pid_control/share/mk_pid_control/package.ps1'
[3.030s] INFO:colcon.colcon_core.shell:Creating package descriptor '/ros_ws/src/student_src/install/mk_pid_control/share/mk_pid_control/package.dsv'
[3.031s] INFO:colcon.colcon_core.shell:Creating package script '/ros_ws/src/student_src/install/mk_pid_control/share/mk_pid_control/package.sh'
[3.032s] INFO:colcon.colcon_core.shell:Creating package script '/ros_ws/src/student_src/install/mk_pid_control/share/mk_pid_control/package.bash'
[3.033s] INFO:colcon.colcon_core.shell:Creating package script '/ros_ws/src/student_src/install/mk_pid_control/share/mk_pid_control/package.zsh'
[3.034s] Level 1:colcon.colcon_core.environment:create_file_with_runtime_dependencies(/ros_ws/src/student_src/install/mk_pid_control/share/colcon-core/packages/mk_pid_control)
[3.058s] Level 1:colcon.colcon_core.environment:checking '/ros_ws/src/student_src/install/mk_pkg' for CMake module files
[3.058s] DEBUG:colcon.colcon_core.event_handler.log_command:Invoked command in '/ros_ws/src/student_src/mk_pkg' returned '0': PYTHONPATH=/ros_ws/src/student_src/build/mk_pkg/prefix_override:/usr/lib/python3/dist-packages/colcon_core/task/python/colcon_distutils_commands:/ros_ws/src/student_src/install/mk_pkg/lib/python3.12/site-packages:${PYTHONPATH} /usr/bin/python3 -W ignore:setup.py install is deprecated -W ignore:easy_install command is deprecated setup.py egg_info --egg-base ../build/mk_pkg build --build-base /ros_ws/src/student_src/build/mk_pkg/build install --record /ros_ws/src/student_src/build/mk_pkg/install.log --single-version-externally-managed install_data --force
[3.061s] Level 1:colcon.colcon_core.environment:checking '/ros_ws/src/student_src/install/mk_pkg' for CMake config files
[3.064s] Level 1:colcon.colcon_core.environment:checking '/ros_ws/src/student_src/install/mk_pkg/lib'
[3.064s] Level 1:colcon.colcon_core.environment:checking '/ros_ws/src/student_src/install/mk_pkg/bin'
[3.064s] Level 1:colcon.colcon_core.environment:checking '/ros_ws/src/student_src/install/mk_pkg/lib/pkgconfig/mk_pkg.pc'
[3.064s] Level 1:colcon.colcon_core.environment:checking '/ros_ws/src/student_src/install/mk_pkg/lib/python3.12/site-packages'
[3.064s] Level 1:colcon.colcon_core.shell:create_environment_hook('mk_pkg', 'pythonpath')
[3.065s] INFO:colcon.colcon_core.shell:Creating environment hook '/ros_ws/src/student_src/install/mk_pkg/share/mk_pkg/hook/pythonpath.ps1'
[3.065s] INFO:colcon.colcon_core.shell:Creating environment descriptor '/ros_ws/src/student_src/install/mk_pkg/share/mk_pkg/hook/pythonpath.dsv'
[3.066s] INFO:colcon.colcon_core.shell:Creating environment hook '/ros_ws/src/student_src/install/mk_pkg/share/mk_pkg/hook/pythonpath.sh'
[3.067s] Level 1:colcon.colcon_core.environment:checking '/ros_ws/src/student_src/install/mk_pkg/bin'
[3.067s] Level 1:colcon.colcon_core.environment:create_environment_scripts_only(mk_pkg)
[3.067s] INFO:colcon.colcon_core.shell:Creating package script '/ros_ws/src/student_src/install/mk_pkg/share/mk_pkg/package.ps1'
[3.068s] INFO:colcon.colcon_core.shell:Creating package descriptor '/ros_ws/src/student_src/install/mk_pkg/share/mk_pkg/package.dsv'
[3.068s] INFO:colcon.colcon_core.shell:Creating package script '/ros_ws/src/student_src/install/mk_pkg/share/mk_pkg/package.sh'
[3.068s] INFO:colcon.colcon_core.shell:Creating package script '/ros_ws/src/student_src/install/mk_pkg/share/mk_pkg/package.bash'
[3.069s] INFO:colcon.colcon_core.shell:Creating package script '/ros_ws/src/student_src/install/mk_pkg/share/mk_pkg/package.zsh'
[3.069s] Level 1:colcon.colcon_core.environment:create_file_with_runtime_dependencies(/ros_ws/src/student_src/install/mk_pkg/share/colcon-core/packages/mk_pkg)
[3.069s] DEBUG:colcon.colcon_parallel_executor.executor.parallel:closing loop
[3.070s] DEBUG:colcon.colcon_parallel_executor.executor.parallel:loop closed
[3.070s] DEBUG:colcon.colcon_parallel_executor.executor.parallel:run_until_complete finished with '0'
[3.070s] DEBUG:colcon.colcon_core.event_reactor:joining thread
[3.077s] INFO:colcon.colcon_core.plugin_system:Skipping extension 'colcon_notification.desktop_notification.notify_send': Could not find 'notify-send'
[3.077s] INFO:colcon.colcon_core.plugin_system:Skipping extension 'colcon_notification.desktop_notification.terminal_notifier': Not used on non-Darwin systems
[3.078s] INFO:colcon.colcon_core.plugin_system:Skipping extension 'colcon_notification.desktop_notification.win32': Not used on non-Windows systems
[3.078s] INFO:colcon.colcon_notification.desktop_notification:Sending desktop notification using 'notify2'
[3.082s] DEBUG:colcon.colcon_notification.desktop_notification.notify2:Failed to initialize notify2: org.freedesktop.DBus.Error.Spawn.ExecFailed: /usr/bin/dbus-launch terminated abnormally without any error message
[3.083s] DEBUG:colcon.colcon_core.event_reactor:joined thread
[3.083s] INFO:colcon.colcon_core.shell:Creating prefix script '/ros_ws/src/student_src/install/local_setup.ps1'
[3.084s] INFO:colcon.colcon_core.shell:Creating prefix util module '/ros_ws/src/student_src/install/_local_setup_util_ps1.py'
[3.086s] INFO:colcon.colcon_core.shell:Creating prefix chain script '/ros_ws/src/student_src/install/setup.ps1'
[3.087s] INFO:colcon.colcon_core.shell:Creating prefix script '/ros_ws/src/student_src/install/local_setup.sh'
[3.088s] INFO:colcon.colcon_core.shell:Creating prefix util module '/ros_ws/src/student_src/install/_local_setup_util_sh.py'
[3.089s] INFO:colcon.colcon_core.shell:Creating prefix chain script '/ros_ws/src/student_src/install/setup.sh'
[3.090s] INFO:colcon.colcon_core.shell:Creating prefix script '/ros_ws/src/student_src/install/local_setup.bash'
[3.090s] INFO:colcon.colcon_core.shell:Creating prefix chain script '/ros_ws/src/student_src/install/setup.bash'
[3.091s] INFO:colcon.colcon_core.shell:Creating prefix script '/ros_ws/src/student_src/install/local_setup.zsh'
[3.091s] INFO:colcon.colcon_core.shell:Creating prefix chain script '/ros_ws/src/student_src/install/setup.zsh'
