[1.692s] Invoking command in '/ros_ws/src/student_src/build/mk_pid_control': PYTHONPATH=/ros_ws/src/student_src/build/mk_pid_control/prefix_override:/usr/lib/python3/dist-packages/colcon_core/task/python/colcon_distutils_commands:/ros_ws/src/student_src/install/mk_pid_control/lib/python3.12/site-packages:${PYTHONPATH} /usr/bin/python3 -W ignore:setup.py install is deprecated -W ignore:easy_install command is deprecated setup.py develop --editable --build-directory /ros_ws/src/student_src/build/mk_pid_control/build --no-deps symlink_data --force
[2.063s] running develop
[2.180s] running egg_info
[2.192s] writing mk_pid_control.egg-info/PKG-INFO
[2.194s] writing dependency_links to mk_pid_control.egg-info/dependency_links.txt
[2.195s] writing entry points to mk_pid_control.egg-info/entry_points.txt
[2.196s] writing requirements to mk_pid_control.egg-info/requires.txt
[2.196s] writing top-level names to mk_pid_control.egg-info/top_level.txt
[2.221s] reading manifest file 'mk_pid_control.egg-info/SOURCES.txt'
[2.227s] writing manifest file 'mk_pid_control.egg-info/SOURCES.txt'
[2.239s] running build_ext
[2.241s] Creating /ros_ws/src/student_src/install/mk_pid_control/lib/python3.12/site-packages/mk-pid-control.egg-link (link to .)
[2.242s] Installing pid_control script to /ros_ws/src/student_src/install/mk_pid_control/lib/mk_pid_control
[2.244s] 
[2.245s] Installed /ros_ws/src/student_src/build/mk_pid_control
[2.245s] running symlink_data
[2.247s] symbolically linking /ros_ws/src/student_src/build/mk_pid_control/resource/mk_pid_control -> /ros_ws/src/student_src/install/mk_pid_control/share/ament_index/resource_index/packages
[2.247s] symbolically linking /ros_ws/src/student_src/build/mk_pid_control/package.xml -> /ros_ws/src/student_src/install/mk_pid_control/share/mk_pid_control
[2.250s] symbolically linking /ros_ws/src/student_src/build/mk_pid_control/launch/mk_pid_control_launch.py -> /ros_ws/src/student_src/install/mk_pid_control/share/mk_pid_control/launch
[2.287s] Invoked command in '/ros_ws/src/student_src/build/mk_pid_control' returned '0': PYTHONPATH=/ros_ws/src/student_src/build/mk_pid_control/prefix_override:/usr/lib/python3/dist-packages/colcon_core/task/python/colcon_distutils_commands:/ros_ws/src/student_src/install/mk_pid_control/lib/python3.12/site-packages:${PYTHONPATH} /usr/bin/python3 -W ignore:setup.py install is deprecated -W ignore:easy_install command is deprecated setup.py develop --editable --build-directory /ros_ws/src/student_src/build/mk_pid_control/build --no-deps symlink_data --force
