[1.391s] Invoking command in '/ros_ws/src/student_src/build/mk_odometry': PYTHONPATH=/ros_ws/src/student_src/build/mk_odometry/prefix_override:/usr/lib/python3/dist-packages/colcon_core/task/python/colcon_distutils_commands:/ros_ws/src/student_src/install/mk_odometry/lib/python3.12/site-packages:${PYTHONPATH} /usr/bin/python3 -W ignore:setup.py install is deprecated -W ignore:easy_install command is deprecated setup.py develop --editable --build-directory /ros_ws/src/student_src/build/mk_odometry/build --no-deps symlink_data
[1.770s] running develop
[1.890s] running egg_info
[1.890s] creating mk_odometry.egg-info
[1.901s] writing mk_odometry.egg-info/PKG-INFO
[1.904s] writing dependency_links to mk_odometry.egg-info/dependency_links.txt
[1.905s] writing entry points to mk_odometry.egg-info/entry_points.txt
[1.906s] writing requirements to mk_odometry.egg-info/requires.txt
[1.906s] writing top-level names to mk_odometry.egg-info/top_level.txt
[1.907s] writing manifest file 'mk_odometry.egg-info/SOURCES.txt'
[1.934s] reading manifest file 'mk_odometry.egg-info/SOURCES.txt'
[1.936s] writing manifest file 'mk_odometry.egg-info/SOURCES.txt'
[1.949s] running build_ext
[1.950s] Creating /ros_ws/src/student_src/install/mk_odometry/lib/python3.12/site-packages/mk-odometry.egg-link (link to .)
[1.952s] Installing mk_odom script to /ros_ws/src/student_src/install/mk_odometry/lib/mk_odometry
[1.953s] 
[1.953s] Installed /ros_ws/src/student_src/build/mk_odometry
[1.954s] running symlink_data
[1.954s] creating /ros_ws/src/student_src/install/mk_odometry/share/ament_index
[1.955s] creating /ros_ws/src/student_src/install/mk_odometry/share/ament_index/resource_index
[1.955s] creating /ros_ws/src/student_src/install/mk_odometry/share/ament_index/resource_index/packages
[1.956s] symbolically linking /ros_ws/src/student_src/build/mk_odometry/resource/mk_odometry -> /ros_ws/src/student_src/install/mk_odometry/share/ament_index/resource_index/packages
[1.957s] symbolically linking /ros_ws/src/student_src/build/mk_odometry/package.xml -> /ros_ws/src/student_src/install/mk_odometry/share/mk_odometry
[1.959s] symbolically linking /ros_ws/src/student_src/build/mk_odometry/launch/odom_launch.py -> /ros_ws/src/student_src/install/mk_odometry/share/mk_odometry
[1.990s] Invoked command in '/ros_ws/src/student_src/build/mk_odometry' returned '0': PYTHONPATH=/ros_ws/src/student_src/build/mk_odometry/prefix_override:/usr/lib/python3/dist-packages/colcon_core/task/python/colcon_distutils_commands:/ros_ws/src/student_src/install/mk_odometry/lib/python3.12/site-packages:${PYTHONPATH} /usr/bin/python3 -W ignore:setup.py install is deprecated -W ignore:easy_install command is deprecated setup.py develop --editable --build-directory /ros_ws/src/student_src/build/mk_odometry/build --no-deps symlink_data
