[1.669s] Invoking command in '/ros_ws/src/student_src/build/mk_pkg': PYTHONPATH=/ros_ws/src/student_src/build/mk_pkg/prefix_override:/usr/lib/python3/dist-packages/colcon_core/task/python/colcon_distutils_commands:/ros_ws/src/student_src/install/mk_pkg/lib/python3.12/site-packages:${PYTHONPATH} /usr/bin/python3 -W ignore:setup.py install is deprecated -W ignore:easy_install command is deprecated setup.py develop --editable --build-directory /ros_ws/src/student_src/build/mk_pkg/build --no-deps symlink_data
[2.043s] running develop
[2.193s] running egg_info
[2.200s] writing mk_pkg.egg-info/PKG-INFO
[2.201s] writing dependency_links to mk_pkg.egg-info/dependency_links.txt
[2.202s] writing entry points to mk_pkg.egg-info/entry_points.txt
[2.204s] writing requirements to mk_pkg.egg-info/requires.txt
[2.204s] writing top-level names to mk_pkg.egg-info/top_level.txt
[2.235s] reading manifest file 'mk_pkg.egg-info/SOURCES.txt'
[2.239s] writing manifest file 'mk_pkg.egg-info/SOURCES.txt'
[2.256s] running build_ext
[2.258s] Creating /ros_ws/src/student_src/install/mk_pkg/lib/python3.12/site-packages/mk-pkg.egg-link (link to .)
[2.261s] Installing distance script to /ros_ws/src/student_src/install/mk_pkg/lib/mk_pkg
[2.264s] Installing lab1_4 script to /ros_ws/src/student_src/install/mk_pkg/lib/mk_pkg
[2.264s] Installing mk_estop_reset script to /ros_ws/src/student_src/install/mk_pkg/lib/mk_pkg
[2.267s] Installing mk_fsm_mode script to /ros_ws/src/student_src/install/mk_pkg/lib/mk_pkg
[2.268s] Installing mk_mode_select script to /ros_ws/src/student_src/install/mk_pkg/lib/mk_pkg
[2.269s] Installing moveturtle script to /ros_ws/src/student_src/install/mk_pkg/lib/mk_pkg
[2.273s] 
[2.273s] Installed /ros_ws/src/student_src/build/mk_pkg
[2.277s] running symlink_data
[2.321s] Invoked command in '/ros_ws/src/student_src/build/mk_pkg' returned '0': PYTHONPATH=/ros_ws/src/student_src/build/mk_pkg/prefix_override:/usr/lib/python3/dist-packages/colcon_core/task/python/colcon_distutils_commands:/ros_ws/src/student_src/install/mk_pkg/lib/python3.12/site-packages:${PYTHONPATH} /usr/bin/python3 -W ignore:setup.py install is deprecated -W ignore:easy_install command is deprecated setup.py develop --editable --build-directory /ros_ws/src/student_src/build/mk_pkg/build --no-deps symlink_data
