[0.093s] DEBUG:colcon:Command line arguments: ['/usr/bin/colcon', 'build', '--symlink-install']
[0.095s] DEBUG:colcon:Parsed command line arguments: Namespace(log_base=None, log_level=None, verb_name='build', build_base='build', install_base='install', merge_install=False, symlink_install=True, test_result_base=None, continue_on_error=False, executor='parallel', parallel_workers=8, event_handlers=None, ignore_user_meta=False, metas=['./colcon.meta'], base_paths=['.'], packages_ignore=None, packages_ignore_regex=None, paths=None, packages_up_to=None, packages_up_to_regex=None, packages_above=None, packages_above_and_dependencies=None, packages_above_depth=None, packages_select_by_dep=None, packages_skip_by_dep=None, packages_skip_up_to=None, packages_select_build_failed=False, packages_skip_build_finished=False, packages_select_test_failures=False, packages_skip_test_passed=False, packages_select=None, packages_skip=None, packages_select_regex=None, packages_skip_regex=None, packages_start=None, packages_end=None, cmake_args=None, cmake_target=None, cmake_target_skip_unavailable=False, cmake_clean_cache=False, cmake_clean_first=False, cmake_force_configure=False, ament_cmake_args=None, catkin_cmake_args=None, catkin_skip_building_tests=False, mixin_files=None, mixin=None, verb_parser=<colcon_mixin.mixin.mixin_argument.MixinArgumentDecorator object at 0x7ffffe1b6c00>, verb_extension=<colcon_core.verb.build.BuildVerb object at 0x7ffffe30f200>, main=<bound method BuildVerb.main of <colcon_core.verb.build.BuildVerb object at 0x7ffffe30f200>>, mixin_verb=('build',))
[0.126s] Level 1:colcon.colcon_core.package_discovery:discover_packages(colcon_meta) check parameters
[0.126s] Level 1:colcon.colcon_core.package_discovery:discover_packages(recursive) check parameters
[0.127s] Level 1:colcon.colcon_core.package_discovery:discover_packages(ignore) check parameters
[0.127s] Level 1:colcon.colcon_core.package_discovery:discover_packages(path) check parameters
[0.127s] Level 1:colcon.colcon_core.package_discovery:discover_packages(colcon_meta) discover
[0.127s] Level 1:colcon.colcon_core.package_discovery:discover_packages(recursive) discover
[0.127s] INFO:colcon.colcon_core.package_discovery:Crawling recursively for packages in '/ros_ws/src/student_src'
[0.127s] Level 1:colcon.colcon_core.package_identification:_identify(.) by extensions ['ignore', 'ignore_ament_install']
[0.128s] Level 1:colcon.colcon_core.package_identification:_identify(.) by extension 'ignore'
[0.128s] Level 1:colcon.colcon_core.package_identification:_identify(.) by extension 'ignore_ament_install'
[0.128s] Level 1:colcon.colcon_core.package_identification:_identify(.) by extensions ['colcon_pkg']
[0.128s] Level 1:colcon.colcon_core.package_identification:_identify(.) by extension 'colcon_pkg'
[0.128s] Level 1:colcon.colcon_core.package_identification:_identify(.) by extensions ['colcon_meta']
[0.129s] Level 1:colcon.colcon_core.package_identification:_identify(.) by extension 'colcon_meta'
[0.129s] Level 1:colcon.colcon_core.package_identification:_identify(.) by extensions ['ros']
[0.129s] Level 1:colcon.colcon_core.package_identification:_identify(.) by extension 'ros'
[0.150s] Level 1:colcon.colcon_core.package_identification:_identify(.) by extensions ['cmake', 'python']
[0.150s] Level 1:colcon.colcon_core.package_identification:_identify(.) by extension 'cmake'
[0.150s] Level 1:colcon.colcon_core.package_identification:_identify(.) by extension 'python'
[0.150s] Level 1:colcon.colcon_core.package_identification:_identify(.) by extensions ['python_setup_py']
[0.150s] Level 1:colcon.colcon_core.package_identification:_identify(.) by extension 'python_setup_py'
[0.151s] Level 1:colcon.colcon_core.package_identification:_identify(build) by extensions ['ignore', 'ignore_ament_install']
[0.151s] Level 1:colcon.colcon_core.package_identification:_identify(build) by extension 'ignore'
[0.151s] Level 1:colcon.colcon_core.package_identification:_identify(build) ignored
[0.151s] Level 1:colcon.colcon_core.package_identification:_identify(install) by extensions ['ignore', 'ignore_ament_install']
[0.152s] Level 1:colcon.colcon_core.package_identification:_identify(install) by extension 'ignore'
[0.152s] Level 1:colcon.colcon_core.package_identification:_identify(install) ignored
[0.152s] Level 1:colcon.colcon_core.package_identification:_identify(log) by extensions ['ignore', 'ignore_ament_install']
[0.152s] Level 1:colcon.colcon_core.package_identification:_identify(log) by extension 'ignore'
[0.152s] Level 1:colcon.colcon_core.package_identification:_identify(log) ignored
[0.153s] Level 1:colcon.colcon_core.package_identification:_identify(mk_color_filter) by extensions ['ignore', 'ignore_ament_install']
[0.153s] Level 1:colcon.colcon_core.package_identification:_identify(mk_color_filter) by extension 'ignore'
[0.153s] Level 1:colcon.colcon_core.package_identification:_identify(mk_color_filter) by extension 'ignore_ament_install'
[0.153s] Level 1:colcon.colcon_core.package_identification:_identify(mk_color_filter) by extensions ['colcon_pkg']
[0.153s] Level 1:colcon.colcon_core.package_identification:_identify(mk_color_filter) by extension 'colcon_pkg'
[0.153s] Level 1:colcon.colcon_core.package_identification:_identify(mk_color_filter) by extensions ['colcon_meta']
[0.153s] Level 1:colcon.colcon_core.package_identification:_identify(mk_color_filter) by extension 'colcon_meta'
[0.153s] Level 1:colcon.colcon_core.package_identification:_identify(mk_color_filter) by extensions ['ros']
[0.153s] Level 1:colcon.colcon_core.package_identification:_identify(mk_color_filter) by extension 'ros'
[0.158s] DEBUG:colcon.colcon_core.package_identification:Package 'mk_color_filter' with type 'ros.ament_python' and name 'mk_color_filter'
[0.160s] Level 1:colcon.colcon_core.package_identification:_identify(mk_odometry) by extensions ['ignore', 'ignore_ament_install']
[0.160s] Level 1:colcon.colcon_core.package_identification:_identify(mk_odometry) by extension 'ignore'
[0.160s] Level 1:colcon.colcon_core.package_identification:_identify(mk_odometry) by extension 'ignore_ament_install'
[0.160s] Level 1:colcon.colcon_core.package_identification:_identify(mk_odometry) by extensions ['colcon_pkg']
[0.160s] Level 1:colcon.colcon_core.package_identification:_identify(mk_odometry) by extension 'colcon_pkg'
[0.160s] Level 1:colcon.colcon_core.package_identification:_identify(mk_odometry) by extensions ['colcon_meta']
[0.160s] Level 1:colcon.colcon_core.package_identification:_identify(mk_odometry) by extension 'colcon_meta'
[0.161s] Level 1:colcon.colcon_core.package_identification:_identify(mk_odometry) by extensions ['ros']
[0.161s] Level 1:colcon.colcon_core.package_identification:_identify(mk_odometry) by extension 'ros'
[0.161s] DEBUG:colcon.colcon_core.package_identification:Package 'mk_odometry' with type 'ros.ament_python' and name 'mk_odometry'
[0.162s] Level 1:colcon.colcon_core.package_identification:_identify(mk_pid_control) by extensions ['ignore', 'ignore_ament_install']
[0.162s] Level 1:colcon.colcon_core.package_identification:_identify(mk_pid_control) by extension 'ignore'
[0.162s] Level 1:colcon.colcon_core.package_identification:_identify(mk_pid_control) by extension 'ignore_ament_install'
[0.162s] Level 1:colcon.colcon_core.package_identification:_identify(mk_pid_control) by extensions ['colcon_pkg']
[0.162s] Level 1:colcon.colcon_core.package_identification:_identify(mk_pid_control) by extension 'colcon_pkg'
[0.162s] Level 1:colcon.colcon_core.package_identification:_identify(mk_pid_control) by extensions ['colcon_meta']
[0.162s] Level 1:colcon.colcon_core.package_identification:_identify(mk_pid_control) by extension 'colcon_meta'
[0.162s] Level 1:colcon.colcon_core.package_identification:_identify(mk_pid_control) by extensions ['ros']
[0.162s] Level 1:colcon.colcon_core.package_identification:_identify(mk_pid_control) by extension 'ros'
[0.163s] DEBUG:colcon.colcon_core.package_identification:Package 'mk_pid_control' with type 'ros.ament_python' and name 'mk_pid_control'
[0.164s] Level 1:colcon.colcon_core.package_identification:_identify(mk_pkg) by extensions ['ignore', 'ignore_ament_install']
[0.164s] Level 1:colcon.colcon_core.package_identification:_identify(mk_pkg) by extension 'ignore'
[0.164s] Level 1:colcon.colcon_core.package_identification:_identify(mk_pkg) by extension 'ignore_ament_install'
[0.164s] Level 1:colcon.colcon_core.package_identification:_identify(mk_pkg) by extensions ['colcon_pkg']
[0.164s] Level 1:colcon.colcon_core.package_identification:_identify(mk_pkg) by extension 'colcon_pkg'
[0.164s] Level 1:colcon.colcon_core.package_identification:_identify(mk_pkg) by extensions ['colcon_meta']
[0.164s] Level 1:colcon.colcon_core.package_identification:_identify(mk_pkg) by extension 'colcon_meta'
[0.164s] Level 1:colcon.colcon_core.package_identification:_identify(mk_pkg) by extensions ['ros']
[0.164s] Level 1:colcon.colcon_core.package_identification:_identify(mk_pkg) by extension 'ros'
[0.165s] DEBUG:colcon.colcon_core.package_identification:Package 'mk_pkg' with type 'ros.ament_python' and name 'mk_pkg'
[0.165s] Level 1:colcon.colcon_core.package_discovery:discover_packages(recursive) using defaults
[0.165s] Level 1:colcon.colcon_core.package_discovery:discover_packages(ignore) discover
[0.165s] Level 1:colcon.colcon_core.package_discovery:discover_packages(ignore) using defaults
[0.165s] Level 1:colcon.colcon_core.package_discovery:discover_packages(path) discover
[0.165s] Level 1:colcon.colcon_core.package_discovery:discover_packages(path) using defaults
[0.180s] Level 5:colcon.colcon_core.verb:set package 'mk_color_filter' build argument 'cmake_args' from command line to 'None'
[0.180s] Level 5:colcon.colcon_core.verb:set package 'mk_color_filter' build argument 'cmake_target' from command line to 'None'
[0.180s] Level 5:colcon.colcon_core.verb:set package 'mk_color_filter' build argument 'cmake_target_skip_unavailable' from command line to 'False'
[0.180s] Level 5:colcon.colcon_core.verb:set package 'mk_color_filter' build argument 'cmake_clean_cache' from command line to 'False'
[0.181s] Level 5:colcon.colcon_core.verb:set package 'mk_color_filter' build argument 'cmake_clean_first' from command line to 'False'
[0.181s] Level 5:colcon.colcon_core.verb:set package 'mk_color_filter' build argument 'cmake_force_configure' from command line to 'False'
[0.181s] Level 5:colcon.colcon_core.verb:set package 'mk_color_filter' build argument 'ament_cmake_args' from command line to 'None'
[0.181s] Level 5:colcon.colcon_core.verb:set package 'mk_color_filter' build argument 'catkin_cmake_args' from command line to 'None'
[0.181s] Level 5:colcon.colcon_core.verb:set package 'mk_color_filter' build argument 'catkin_skip_building_tests' from command line to 'False'
[0.181s] DEBUG:colcon.colcon_core.verb:Building package 'mk_color_filter' with the following arguments: {'ament_cmake_args': None, 'build_base': '/ros_ws/src/student_src/build/mk_color_filter', 'catkin_cmake_args': None, 'catkin_skip_building_tests': False, 'cmake_args': None, 'cmake_clean_cache': False, 'cmake_clean_first': False, 'cmake_force_configure': False, 'cmake_target': None, 'cmake_target_skip_unavailable': False, 'install_base': '/ros_ws/src/student_src/install/mk_color_filter', 'merge_install': False, 'path': '/ros_ws/src/student_src/mk_color_filter', 'symlink_install': True, 'test_result_base': None}
[0.181s] Level 5:colcon.colcon_core.verb:set package 'mk_odometry' build argument 'cmake_args' from command line to 'None'
[0.181s] Level 5:colcon.colcon_core.verb:set package 'mk_odometry' build argument 'cmake_target' from command line to 'None'
[0.181s] Level 5:colcon.colcon_core.verb:set package 'mk_odometry' build argument 'cmake_target_skip_unavailable' from command line to 'False'
[0.181s] Level 5:colcon.colcon_core.verb:set package 'mk_odometry' build argument 'cmake_clean_cache' from command line to 'False'
[0.181s] Level 5:colcon.colcon_core.verb:set package 'mk_odometry' build argument 'cmake_clean_first' from command line to 'False'
[0.181s] Level 5:colcon.colcon_core.verb:set package 'mk_odometry' build argument 'cmake_force_configure' from command line to 'False'
[0.181s] Level 5:colcon.colcon_core.verb:set package 'mk_odometry' build argument 'ament_cmake_args' from command line to 'None'
[0.181s] Level 5:colcon.colcon_core.verb:set package 'mk_odometry' build argument 'catkin_cmake_args' from command line to 'None'
[0.181s] Level 5:colcon.colcon_core.verb:set package 'mk_odometry' build argument 'catkin_skip_building_tests' from command line to 'False'
[0.182s] DEBUG:colcon.colcon_core.verb:Building package 'mk_odometry' with the following arguments: {'ament_cmake_args': None, 'build_base': '/ros_ws/src/student_src/build/mk_odometry', 'catkin_cmake_args': None, 'catkin_skip_building_tests': False, 'cmake_args': None, 'cmake_clean_cache': False, 'cmake_clean_first': False, 'cmake_force_configure': False, 'cmake_target': None, 'cmake_target_skip_unavailable': False, 'install_base': '/ros_ws/src/student_src/install/mk_odometry', 'merge_install': False, 'path': '/ros_ws/src/student_src/mk_odometry', 'symlink_install': True, 'test_result_base': None}
[0.182s] Level 5:colcon.colcon_core.verb:set package 'mk_pid_control' build argument 'cmake_args' from command line to 'None'
[0.182s] Level 5:colcon.colcon_core.verb:set package 'mk_pid_control' build argument 'cmake_target' from command line to 'None'
[0.182s] Level 5:colcon.colcon_core.verb:set package 'mk_pid_control' build argument 'cmake_target_skip_unavailable' from command line to 'False'
[0.182s] Level 5:colcon.colcon_core.verb:set package 'mk_pid_control' build argument 'cmake_clean_cache' from command line to 'False'
[0.182s] Level 5:colcon.colcon_core.verb:set package 'mk_pid_control' build argument 'cmake_clean_first' from command line to 'False'
[0.182s] Level 5:colcon.colcon_core.verb:set package 'mk_pid_control' build argument 'cmake_force_configure' from command line to 'False'
[0.182s] Level 5:colcon.colcon_core.verb:set package 'mk_pid_control' build argument 'ament_cmake_args' from command line to 'None'
[0.182s] Level 5:colcon.colcon_core.verb:set package 'mk_pid_control' build argument 'catkin_cmake_args' from command line to 'None'
[0.182s] Level 5:colcon.colcon_core.verb:set package 'mk_pid_control' build argument 'catkin_skip_building_tests' from command line to 'False'
[0.182s] DEBUG:colcon.colcon_core.verb:Building package 'mk_pid_control' with the following arguments: {'ament_cmake_args': None, 'build_base': '/ros_ws/src/student_src/build/mk_pid_control', 'catkin_cmake_args': None, 'catkin_skip_building_tests': False, 'cmake_args': None, 'cmake_clean_cache': False, 'cmake_clean_first': False, 'cmake_force_configure': False, 'cmake_target': None, 'cmake_target_skip_unavailable': False, 'install_base': '/ros_ws/src/student_src/install/mk_pid_control', 'merge_install': False, 'path': '/ros_ws/src/student_src/mk_pid_control', 'symlink_install': True, 'test_result_base': None}
[0.182s] Level 5:colcon.colcon_core.verb:set package 'mk_pkg' build argument 'cmake_args' from command line to 'None'
[0.182s] Level 5:colcon.colcon_core.verb:set package 'mk_pkg' build argument 'cmake_target' from command line to 'None'
[0.182s] Level 5:colcon.colcon_core.verb:set package 'mk_pkg' build argument 'cmake_target_skip_unavailable' from command line to 'False'
[0.182s] Level 5:colcon.colcon_core.verb:set package 'mk_pkg' build argument 'cmake_clean_cache' from command line to 'False'
[0.182s] Level 5:colcon.colcon_core.verb:set package 'mk_pkg' build argument 'cmake_clean_first' from command line to 'False'
[0.182s] Level 5:colcon.colcon_core.verb:set package 'mk_pkg' build argument 'cmake_force_configure' from command line to 'False'
[0.182s] Level 5:colcon.colcon_core.verb:set package 'mk_pkg' build argument 'ament_cmake_args' from command line to 'None'
[0.183s] Level 5:colcon.colcon_core.verb:set package 'mk_pkg' build argument 'catkin_cmake_args' from command line to 'None'
[0.183s] Level 5:colcon.colcon_core.verb:set package 'mk_pkg' build argument 'catkin_skip_building_tests' from command line to 'False'
[0.183s] DEBUG:colcon.colcon_core.verb:Building package 'mk_pkg' with the following arguments: {'ament_cmake_args': None, 'build_base': '/ros_ws/src/student_src/build/mk_pkg', 'catkin_cmake_args': None, 'catkin_skip_building_tests': False, 'cmake_args': None, 'cmake_clean_cache': False, 'cmake_clean_first': False, 'cmake_force_configure': False, 'cmake_target': None, 'cmake_target_skip_unavailable': False, 'install_base': '/ros_ws/src/student_src/install/mk_pkg', 'merge_install': False, 'path': '/ros_ws/src/student_src/mk_pkg', 'symlink_install': True, 'test_result_base': None}
[0.183s] INFO:colcon.colcon_core.executor:Executing jobs using 'parallel' executor
[0.186s] DEBUG:colcon.colcon_parallel_executor.executor.parallel:run_until_complete
[0.187s] INFO:colcon.colcon_ros.task.ament_python.build:Building ROS package in '/ros_ws/src/student_src/mk_color_filter' with build type 'ament_python'
[0.188s] Level 1:colcon.colcon_core.shell:create_environment_hook('mk_color_filter', 'ament_prefix_path')
[0.189s] INFO:colcon.colcon_core.plugin_system:Skipping extension 'colcon_core.shell.bat': Not used on non-Windows systems
[0.189s] INFO:colcon.colcon_core.shell:Creating environment hook '/ros_ws/src/student_src/install/mk_color_filter/share/mk_color_filter/hook/ament_prefix_path.ps1'
[0.191s] INFO:colcon.colcon_core.shell:Creating environment descriptor '/ros_ws/src/student_src/install/mk_color_filter/share/mk_color_filter/hook/ament_prefix_path.dsv'
[0.192s] INFO:colcon.colcon_core.shell:Creating environment hook '/ros_ws/src/student_src/install/mk_color_filter/share/mk_color_filter/hook/ament_prefix_path.sh'
[0.193s] INFO:colcon.colcon_core.shell:Skip shell extension 'powershell' for command environment: Not usable outside of PowerShell
[0.193s] DEBUG:colcon.colcon_core.shell:Skip shell extension 'dsv' for command environment
[0.200s] INFO:colcon.colcon_ros.task.ament_python.build:Building ROS package in '/ros_ws/src/student_src/mk_odometry' with build type 'ament_python'
[0.200s] Level 1:colcon.colcon_core.shell:create_environment_hook('mk_odometry', 'ament_prefix_path')
[0.201s] INFO:colcon.colcon_core.shell:Creating environment hook '/ros_ws/src/student_src/install/mk_odometry/share/mk_odometry/hook/ament_prefix_path.ps1'
[0.202s] INFO:colcon.colcon_core.shell:Creating environment descriptor '/ros_ws/src/student_src/install/mk_odometry/share/mk_odometry/hook/ament_prefix_path.dsv'
[0.202s] INFO:colcon.colcon_core.shell:Creating environment hook '/ros_ws/src/student_src/install/mk_odometry/share/mk_odometry/hook/ament_prefix_path.sh'
[0.203s] INFO:colcon.colcon_core.shell:Skip shell extension 'powershell' for command environment: Not usable outside of PowerShell
[0.203s] DEBUG:colcon.colcon_core.shell:Skip shell extension 'dsv' for command environment
[0.208s] INFO:colcon.colcon_ros.task.ament_python.build:Building ROS package in '/ros_ws/src/student_src/mk_pid_control' with build type 'ament_python'
[0.211s] Level 1:colcon.colcon_core.shell:create_environment_hook('mk_pid_control', 'ament_prefix_path')
[0.212s] INFO:colcon.colcon_core.shell:Creating environment hook '/ros_ws/src/student_src/install/mk_pid_control/share/mk_pid_control/hook/ament_prefix_path.ps1'
[0.214s] INFO:colcon.colcon_core.shell:Creating environment descriptor '/ros_ws/src/student_src/install/mk_pid_control/share/mk_pid_control/hook/ament_prefix_path.dsv'
[0.215s] INFO:colcon.colcon_core.shell:Creating environment hook '/ros_ws/src/student_src/install/mk_pid_control/share/mk_pid_control/hook/ament_prefix_path.sh'
[0.216s] INFO:colcon.colcon_core.shell:Skip shell extension 'powershell' for command environment: Not usable outside of PowerShell
[0.217s] DEBUG:colcon.colcon_core.shell:Skip shell extension 'dsv' for command environment
[0.232s] INFO:colcon.colcon_ros.task.ament_python.build:Building ROS package in '/ros_ws/src/student_src/mk_pkg' with build type 'ament_python'
[0.233s] Level 1:colcon.colcon_core.shell:create_environment_hook('mk_pkg', 'ament_prefix_path')
[0.234s] INFO:colcon.colcon_core.shell:Creating environment hook '/ros_ws/src/student_src/install/mk_pkg/share/mk_pkg/hook/ament_prefix_path.ps1'
[0.239s] INFO:colcon.colcon_core.shell:Creating environment descriptor '/ros_ws/src/student_src/install/mk_pkg/share/mk_pkg/hook/ament_prefix_path.dsv'
[0.240s] INFO:colcon.colcon_core.shell:Creating environment hook '/ros_ws/src/student_src/install/mk_pkg/share/mk_pkg/hook/ament_prefix_path.sh'
[0.243s] INFO:colcon.colcon_core.shell:Skip shell extension 'powershell' for command environment: Not usable outside of PowerShell
[0.243s] DEBUG:colcon.colcon_core.shell:Skip shell extension 'dsv' for command environment
[0.509s] INFO:colcon.colcon_core.task.python.build:Building Python package in '/ros_ws/src/student_src/mk_color_filter'
[0.509s] INFO:colcon.colcon_core.shell:Skip shell extension 'powershell' for command environment: Not usable outside of PowerShell
[0.509s] DEBUG:colcon.colcon_core.shell:Skip shell extension 'dsv' for command environment
[0.771s] INFO:colcon.colcon_core.task.python.build:Building Python package in '/ros_ws/src/student_src/mk_odometry'
[0.771s] INFO:colcon.colcon_core.shell:Skip shell extension 'powershell' for command environment: Not usable outside of PowerShell
[0.771s] DEBUG:colcon.colcon_core.shell:Skip shell extension 'dsv' for command environment
[1.030s] INFO:colcon.colcon_core.task.python.build:Building Python package in '/ros_ws/src/student_src/mk_pid_control'
[1.031s] INFO:colcon.colcon_core.shell:Skip shell extension 'powershell' for command environment: Not usable outside of PowerShell
[1.031s] DEBUG:colcon.colcon_core.shell:Skip shell extension 'dsv' for command environment
[1.292s] INFO:colcon.colcon_core.task.python.build:Building Python package in '/ros_ws/src/student_src/mk_pkg'
[1.293s] INFO:colcon.colcon_core.shell:Skip shell extension 'powershell' for command environment: Not usable outside of PowerShell
[1.293s] DEBUG:colcon.colcon_core.shell:Skip shell extension 'dsv' for command environment
[1.870s] DEBUG:colcon.colcon_core.task.python.build:While undoing a previous installation files outside the Python library path are being ignored: /ros_ws/src/student_src/install/mk_odometry/share/ament_index/resource_index/packages/mk_odometry
[1.871s] DEBUG:colcon.colcon_core.task.python.build:While undoing a previous installation files outside the Python library path are being ignored: /ros_ws/src/student_src/install/mk_odometry/share/mk_odometry/package.xml
[1.871s] DEBUG:colcon.colcon_core.task.python.build:While undoing a previous installation files outside the Python library path are being ignored: /ros_ws/src/student_src/install/mk_odometry/share/mk_odometry/odom_launch.py
[1.874s] DEBUG:colcon.colcon_core.task.python.build:While undoing a previous installation files outside the Python library path are being ignored: /ros_ws/src/student_src/install/mk_odometry/lib/mk_odometry/mk_odom
[1.889s] DEBUG:colcon.colcon_core.event_handler.log_command:Invoking command in '/ros_ws/src/student_src/build/mk_odometry': PYTHONPATH=/ros_ws/src/student_src/build/mk_odometry/prefix_override:/usr/lib/python3/dist-packages/colcon_core/task/python/colcon_distutils_commands:/ros_ws/src/student_src/install/mk_odometry/lib/python3.12/site-packages:${PYTHONPATH} /usr/bin/python3 -W ignore:setup.py install is deprecated -W ignore:easy_install command is deprecated setup.py develop --editable --build-directory /ros_ws/src/student_src/build/mk_odometry/build --no-deps symlink_data --force
[1.895s] DEBUG:colcon.colcon_core.task.python.build:While undoing a previous installation files outside the Python library path are being ignored: /ros_ws/src/student_src/install/mk_pid_control/share/ament_index/resource_index/packages/mk_pid_control
[1.895s] DEBUG:colcon.colcon_core.task.python.build:While undoing a previous installation files outside the Python library path are being ignored: /ros_ws/src/student_src/install/mk_pid_control/share/mk_pid_control/package.xml
[1.895s] DEBUG:colcon.colcon_core.task.python.build:While undoing a previous installation files outside the Python library path are being ignored: /ros_ws/src/student_src/install/mk_pid_control/share/mk_pid_control/launch/mk_pid_control_launch.py
[1.896s] DEBUG:colcon.colcon_core.task.python.build:While undoing a previous installation files outside the Python library path are being ignored: /ros_ws/src/student_src/install/mk_pid_control/lib/mk_pid_control/pid_control
[1.903s] DEBUG:colcon.colcon_core.task.python.build:While undoing a previous installation files outside the Python library path are being ignored: /ros_ws/src/student_src/install/mk_color_filter/share/ament_index/resource_index/packages/mk_color_filter
[1.903s] DEBUG:colcon.colcon_core.task.python.build:While undoing a previous installation files outside the Python library path are being ignored: /ros_ws/src/student_src/install/mk_color_filter/share/mk_color_filter/package.xml
[1.903s] DEBUG:colcon.colcon_core.task.python.build:While undoing a previous installation files outside the Python library path are being ignored: /ros_ws/src/student_src/install/mk_color_filter/share/mk_color_filter/mk_color_filter_launch.py
[1.904s] DEBUG:colcon.colcon_core.event_handler.log_command:Invoking command in '/ros_ws/src/student_src/build/mk_pid_control': PYTHONPATH=/ros_ws/src/student_src/build/mk_pid_control/prefix_override:/usr/lib/python3/dist-packages/colcon_core/task/python/colcon_distutils_commands:/ros_ws/src/student_src/install/mk_pid_control/lib/python3.12/site-packages:${PYTHONPATH} /usr/bin/python3 -W ignore:setup.py install is deprecated -W ignore:easy_install command is deprecated setup.py develop --editable --build-directory /ros_ws/src/student_src/build/mk_pid_control/build --no-deps symlink_data --force
[1.906s] DEBUG:colcon.colcon_core.task.python.build:While undoing a previous installation files outside the Python library path are being ignored: /ros_ws/src/student_src/install/mk_color_filter/lib/mk_color_filter/color_filter_node
[1.906s] DEBUG:colcon.colcon_core.task.python.build:While undoing a previous installation files outside the Python library path are being ignored: /ros_ws/src/student_src/install/mk_color_filter/lib/mk_color_filter/measurement_data
[1.920s] DEBUG:colcon.colcon_core.event_handler.log_command:Invoking command in '/ros_ws/src/student_src/build/mk_color_filter': PYTHONPATH=/ros_ws/src/student_src/build/mk_color_filter/prefix_override:/usr/lib/python3/dist-packages/colcon_core/task/python/colcon_distutils_commands:/ros_ws/src/student_src/install/mk_color_filter/lib/python3.12/site-packages:${PYTHONPATH} /usr/bin/python3 -W ignore:setup.py install is deprecated -W ignore:easy_install command is deprecated setup.py develop --editable --build-directory /ros_ws/src/student_src/build/mk_color_filter/build --no-deps symlink_data --force
[1.921s] DEBUG:colcon.colcon_core.task.python.build:While undoing a previous installation files outside the Python library path are being ignored: /ros_ws/src/student_src/install/mk_pkg/share/ament_index/resource_index/packages/mk_pkg
[1.921s] DEBUG:colcon.colcon_core.task.python.build:While undoing a previous installation files outside the Python library path are being ignored: /ros_ws/src/student_src/install/mk_pkg/share/mk_pkg/package.xml
[1.922s] DEBUG:colcon.colcon_core.task.python.build:While undoing a previous installation files outside the Python library path are being ignored: /ros_ws/src/student_src/install/mk_pkg/share/mk_pkg/mvturtle_launch.py
[1.922s] DEBUG:colcon.colcon_core.task.python.build:While undoing a previous installation files outside the Python library path are being ignored: /ros_ws/src/student_src/install/mk_pkg/share/mk_pkg/launch_distance.py
[1.922s] DEBUG:colcon.colcon_core.task.python.build:While undoing a previous installation files outside the Python library path are being ignored: /ros_ws/src/student_src/install/mk_pkg/share/mk_pkg/converter_launch.py
[1.922s] DEBUG:colcon.colcon_core.task.python.build:While undoing a previous installation files outside the Python library path are being ignored: /ros_ws/src/student_src/install/mk_pkg/share/mk_pkg/mk_mode_select_launch.py
[1.923s] DEBUG:colcon.colcon_core.task.python.build:While undoing a previous installation files outside the Python library path are being ignored: /ros_ws/src/student_src/install/mk_pkg/lib/mk_pkg/distance
[1.923s] DEBUG:colcon.colcon_core.task.python.build:While undoing a previous installation files outside the Python library path are being ignored: /ros_ws/src/student_src/install/mk_pkg/lib/mk_pkg/lab1_4
[1.923s] DEBUG:colcon.colcon_core.task.python.build:While undoing a previous installation files outside the Python library path are being ignored: /ros_ws/src/student_src/install/mk_pkg/lib/mk_pkg/mk_estop_reset
[1.923s] DEBUG:colcon.colcon_core.task.python.build:While undoing a previous installation files outside the Python library path are being ignored: /ros_ws/src/student_src/install/mk_pkg/lib/mk_pkg/mk_fsm_mode
[1.923s] DEBUG:colcon.colcon_core.task.python.build:While undoing a previous installation files outside the Python library path are being ignored: /ros_ws/src/student_src/install/mk_pkg/lib/mk_pkg/mk_mode_select
[1.923s] DEBUG:colcon.colcon_core.task.python.build:While undoing a previous installation files outside the Python library path are being ignored: /ros_ws/src/student_src/install/mk_pkg/lib/mk_pkg/moveturtle
[1.939s] DEBUG:colcon.colcon_core.event_handler.log_command:Invoking command in '/ros_ws/src/student_src/build/mk_pkg': PYTHONPATH=/ros_ws/src/student_src/build/mk_pkg/prefix_override:/usr/lib/python3/dist-packages/colcon_core/task/python/colcon_distutils_commands:/ros_ws/src/student_src/install/mk_pkg/lib/python3.12/site-packages:${PYTHONPATH} /usr/bin/python3 -W ignore:setup.py install is deprecated -W ignore:easy_install command is deprecated setup.py develop --editable --build-directory /ros_ws/src/student_src/build/mk_pkg/build --no-deps symlink_data --force
[2.466s] Level 1:colcon.colcon_core.shell:create_environment_hook('mk_odometry', 'pythonpath_develop')
[2.467s] INFO:colcon.colcon_core.shell:Creating environment hook '/ros_ws/src/student_src/build/mk_odometry/share/mk_odometry/hook/pythonpath_develop.ps1'
[2.467s] DEBUG:colcon.colcon_core.event_handler.log_command:Invoked command in '/ros_ws/src/student_src/build/mk_odometry' returned '0': PYTHONPATH=/ros_ws/src/student_src/build/mk_odometry/prefix_override:/usr/lib/python3/dist-packages/colcon_core/task/python/colcon_distutils_commands:/ros_ws/src/student_src/install/mk_odometry/lib/python3.12/site-packages:${PYTHONPATH} /usr/bin/python3 -W ignore:setup.py install is deprecated -W ignore:easy_install command is deprecated setup.py develop --editable --build-directory /ros_ws/src/student_src/build/mk_odometry/build --no-deps symlink_data --force
[2.468s] INFO:colcon.colcon_core.shell:Creating environment descriptor '/ros_ws/src/student_src/build/mk_odometry/share/mk_odometry/hook/pythonpath_develop.dsv'
[2.469s] INFO:colcon.colcon_core.shell:Creating environment hook '/ros_ws/src/student_src/build/mk_odometry/share/mk_odometry/hook/pythonpath_develop.sh'
[2.472s] Level 1:colcon.colcon_core.environment:checking '/ros_ws/src/student_src/install/mk_odometry' for CMake module files
[2.475s] Level 1:colcon.colcon_core.environment:checking '/ros_ws/src/student_src/install/mk_odometry' for CMake config files
[2.478s] Level 1:colcon.colcon_core.environment:checking '/ros_ws/src/student_src/install/mk_odometry/lib'
[2.479s] Level 1:colcon.colcon_core.environment:checking '/ros_ws/src/student_src/install/mk_odometry/bin'
[2.479s] Level 1:colcon.colcon_core.environment:checking '/ros_ws/src/student_src/install/mk_odometry/lib/pkgconfig/mk_odometry.pc'
[2.479s] Level 1:colcon.colcon_core.environment:checking '/ros_ws/src/student_src/install/mk_odometry/lib/python3.12/site-packages'
[2.480s] Level 1:colcon.colcon_core.shell:create_environment_hook('mk_odometry', 'pythonpath')
[2.480s] INFO:colcon.colcon_core.shell:Creating environment hook '/ros_ws/src/student_src/install/mk_odometry/share/mk_odometry/hook/pythonpath.ps1'
[2.481s] INFO:colcon.colcon_core.shell:Creating environment descriptor '/ros_ws/src/student_src/install/mk_odometry/share/mk_odometry/hook/pythonpath.dsv'
[2.482s] INFO:colcon.colcon_core.shell:Creating environment hook '/ros_ws/src/student_src/install/mk_odometry/share/mk_odometry/hook/pythonpath.sh'
[2.484s] Level 1:colcon.colcon_core.environment:checking '/ros_ws/src/student_src/install/mk_odometry/bin'
[2.484s] Level 1:colcon.colcon_core.environment:create_environment_scripts_only(mk_odometry)
[2.485s] INFO:colcon.colcon_core.shell:Creating package script '/ros_ws/src/student_src/install/mk_odometry/share/mk_odometry/package.ps1'
[2.487s] INFO:colcon.colcon_core.shell:Creating package descriptor '/ros_ws/src/student_src/install/mk_odometry/share/mk_odometry/package.dsv'
[2.488s] INFO:colcon.colcon_core.shell:Creating package script '/ros_ws/src/student_src/install/mk_odometry/share/mk_odometry/package.sh'
[2.490s] INFO:colcon.colcon_core.shell:Creating package script '/ros_ws/src/student_src/install/mk_odometry/share/mk_odometry/package.bash'
[2.491s] INFO:colcon.colcon_core.shell:Creating package script '/ros_ws/src/student_src/install/mk_odometry/share/mk_odometry/package.zsh'
[2.493s] Level 1:colcon.colcon_core.environment:create_file_with_runtime_dependencies(/ros_ws/src/student_src/install/mk_odometry/share/colcon-core/packages/mk_odometry)
[2.495s] Level 1:colcon.colcon_core.shell:create_environment_hook('mk_pid_control', 'pythonpath_develop')
[2.495s] INFO:colcon.colcon_core.shell:Creating environment hook '/ros_ws/src/student_src/build/mk_pid_control/share/mk_pid_control/hook/pythonpath_develop.ps1'
[2.497s] INFO:colcon.colcon_core.shell:Creating environment descriptor '/ros_ws/src/student_src/build/mk_pid_control/share/mk_pid_control/hook/pythonpath_develop.dsv'
[2.498s] INFO:colcon.colcon_core.shell:Creating environment hook '/ros_ws/src/student_src/build/mk_pid_control/share/mk_pid_control/hook/pythonpath_develop.sh'
[2.499s] DEBUG:colcon.colcon_core.event_handler.log_command:Invoked command in '/ros_ws/src/student_src/build/mk_pid_control' returned '0': PYTHONPATH=/ros_ws/src/student_src/build/mk_pid_control/prefix_override:/usr/lib/python3/dist-packages/colcon_core/task/python/colcon_distutils_commands:/ros_ws/src/student_src/install/mk_pid_control/lib/python3.12/site-packages:${PYTHONPATH} /usr/bin/python3 -W ignore:setup.py install is deprecated -W ignore:easy_install command is deprecated setup.py develop --editable --build-directory /ros_ws/src/student_src/build/mk_pid_control/build --no-deps symlink_data --force
[2.499s] Level 1:colcon.colcon_core.environment:checking '/ros_ws/src/student_src/install/mk_pid_control' for CMake module files
[2.501s] Level 1:colcon.colcon_core.environment:checking '/ros_ws/src/student_src/install/mk_pid_control' for CMake config files
[2.503s] Level 1:colcon.colcon_core.environment:checking '/ros_ws/src/student_src/install/mk_pid_control/lib'
[2.503s] Level 1:colcon.colcon_core.environment:checking '/ros_ws/src/student_src/install/mk_pid_control/bin'
[2.504s] Level 1:colcon.colcon_core.environment:checking '/ros_ws/src/student_src/install/mk_pid_control/lib/pkgconfig/mk_pid_control.pc'
[2.504s] Level 1:colcon.colcon_core.environment:checking '/ros_ws/src/student_src/install/mk_pid_control/lib/python3.12/site-packages'
[2.504s] Level 1:colcon.colcon_core.shell:create_environment_hook('mk_pid_control', 'pythonpath')
[2.504s] INFO:colcon.colcon_core.shell:Creating environment hook '/ros_ws/src/student_src/install/mk_pid_control/share/mk_pid_control/hook/pythonpath.ps1'
[2.505s] INFO:colcon.colcon_core.shell:Creating environment descriptor '/ros_ws/src/student_src/install/mk_pid_control/share/mk_pid_control/hook/pythonpath.dsv'
[2.505s] INFO:colcon.colcon_core.shell:Creating environment hook '/ros_ws/src/student_src/install/mk_pid_control/share/mk_pid_control/hook/pythonpath.sh'
[2.506s] Level 1:colcon.colcon_core.environment:checking '/ros_ws/src/student_src/install/mk_pid_control/bin'
[2.506s] Level 1:colcon.colcon_core.environment:create_environment_scripts_only(mk_pid_control)
[2.506s] INFO:colcon.colcon_core.shell:Creating package script '/ros_ws/src/student_src/install/mk_pid_control/share/mk_pid_control/package.ps1'
[2.507s] INFO:colcon.colcon_core.shell:Creating package descriptor '/ros_ws/src/student_src/install/mk_pid_control/share/mk_pid_control/package.dsv'
[2.507s] INFO:colcon.colcon_core.shell:Creating package script '/ros_ws/src/student_src/install/mk_pid_control/share/mk_pid_control/package.sh'
[2.508s] INFO:colcon.colcon_core.shell:Creating package script '/ros_ws/src/student_src/install/mk_pid_control/share/mk_pid_control/package.bash'
[2.508s] INFO:colcon.colcon_core.shell:Creating package script '/ros_ws/src/student_src/install/mk_pid_control/share/mk_pid_control/package.zsh'
[2.509s] Level 1:colcon.colcon_core.environment:create_file_with_runtime_dependencies(/ros_ws/src/student_src/install/mk_pid_control/share/colcon-core/packages/mk_pid_control)
[2.509s] Level 1:colcon.colcon_core.shell:create_environment_hook('mk_color_filter', 'pythonpath_develop')
[2.510s] INFO:colcon.colcon_core.shell:Creating environment hook '/ros_ws/src/student_src/build/mk_color_filter/share/mk_color_filter/hook/pythonpath_develop.ps1'
[2.515s] DEBUG:colcon.colcon_core.event_handler.log_command:Invoked command in '/ros_ws/src/student_src/build/mk_color_filter' returned '0': PYTHONPATH=/ros_ws/src/student_src/build/mk_color_filter/prefix_override:/usr/lib/python3/dist-packages/colcon_core/task/python/colcon_distutils_commands:/ros_ws/src/student_src/install/mk_color_filter/lib/python3.12/site-packages:${PYTHONPATH} /usr/bin/python3 -W ignore:setup.py install is deprecated -W ignore:easy_install command is deprecated setup.py develop --editable --build-directory /ros_ws/src/student_src/build/mk_color_filter/build --no-deps symlink_data --force
[2.515s] INFO:colcon.colcon_core.shell:Creating environment descriptor '/ros_ws/src/student_src/build/mk_color_filter/share/mk_color_filter/hook/pythonpath_develop.dsv'
[2.516s] INFO:colcon.colcon_core.shell:Creating environment hook '/ros_ws/src/student_src/build/mk_color_filter/share/mk_color_filter/hook/pythonpath_develop.sh'
[2.517s] Level 1:colcon.colcon_core.environment:checking '/ros_ws/src/student_src/install/mk_color_filter' for CMake module files
[2.521s] Level 1:colcon.colcon_core.environment:checking '/ros_ws/src/student_src/install/mk_color_filter' for CMake config files
[2.525s] Level 1:colcon.colcon_core.environment:checking '/ros_ws/src/student_src/install/mk_color_filter/lib'
[2.525s] Level 1:colcon.colcon_core.environment:checking '/ros_ws/src/student_src/install/mk_color_filter/bin'
[2.526s] Level 1:colcon.colcon_core.environment:checking '/ros_ws/src/student_src/install/mk_color_filter/lib/pkgconfig/mk_color_filter.pc'
[2.528s] Level 1:colcon.colcon_core.environment:checking '/ros_ws/src/student_src/install/mk_color_filter/lib/python3.12/site-packages'
[2.528s] Level 1:colcon.colcon_core.shell:create_environment_hook('mk_color_filter', 'pythonpath')
[2.528s] INFO:colcon.colcon_core.shell:Creating environment hook '/ros_ws/src/student_src/install/mk_color_filter/share/mk_color_filter/hook/pythonpath.ps1'
[2.530s] INFO:colcon.colcon_core.shell:Creating environment descriptor '/ros_ws/src/student_src/install/mk_color_filter/share/mk_color_filter/hook/pythonpath.dsv'
[2.532s] INFO:colcon.colcon_core.shell:Creating environment hook '/ros_ws/src/student_src/install/mk_color_filter/share/mk_color_filter/hook/pythonpath.sh'
[2.533s] Level 1:colcon.colcon_core.environment:checking '/ros_ws/src/student_src/install/mk_color_filter/bin'
[2.533s] Level 1:colcon.colcon_core.environment:create_environment_scripts_only(mk_color_filter)
[2.534s] INFO:colcon.colcon_core.shell:Creating package script '/ros_ws/src/student_src/install/mk_color_filter/share/mk_color_filter/package.ps1'
[2.536s] INFO:colcon.colcon_core.shell:Creating package descriptor '/ros_ws/src/student_src/install/mk_color_filter/share/mk_color_filter/package.dsv'
[2.536s] INFO:colcon.colcon_core.shell:Creating package script '/ros_ws/src/student_src/install/mk_color_filter/share/mk_color_filter/package.sh'
[2.540s] INFO:colcon.colcon_core.shell:Creating package script '/ros_ws/src/student_src/install/mk_color_filter/share/mk_color_filter/package.bash'
[2.540s] INFO:colcon.colcon_core.shell:Creating package script '/ros_ws/src/student_src/install/mk_color_filter/share/mk_color_filter/package.zsh'
[2.541s] Level 1:colcon.colcon_core.environment:create_file_with_runtime_dependencies(/ros_ws/src/student_src/install/mk_color_filter/share/colcon-core/packages/mk_color_filter)
[2.541s] Level 1:colcon.colcon_core.shell:create_environment_hook('mk_pkg', 'pythonpath_develop')
[2.542s] INFO:colcon.colcon_core.shell:Creating environment hook '/ros_ws/src/student_src/build/mk_pkg/share/mk_pkg/hook/pythonpath_develop.ps1'
[2.543s] INFO:colcon.colcon_core.shell:Creating environment descriptor '/ros_ws/src/student_src/build/mk_pkg/share/mk_pkg/hook/pythonpath_develop.dsv'
[2.544s] DEBUG:colcon.colcon_core.event_handler.log_command:Invoked command in '/ros_ws/src/student_src/build/mk_pkg' returned '0': PYTHONPATH=/ros_ws/src/student_src/build/mk_pkg/prefix_override:/usr/lib/python3/dist-packages/colcon_core/task/python/colcon_distutils_commands:/ros_ws/src/student_src/install/mk_pkg/lib/python3.12/site-packages:${PYTHONPATH} /usr/bin/python3 -W ignore:setup.py install is deprecated -W ignore:easy_install command is deprecated setup.py develop --editable --build-directory /ros_ws/src/student_src/build/mk_pkg/build --no-deps symlink_data --force
[2.544s] INFO:colcon.colcon_core.shell:Creating environment hook '/ros_ws/src/student_src/build/mk_pkg/share/mk_pkg/hook/pythonpath_develop.sh'
[2.545s] Level 1:colcon.colcon_core.environment:checking '/ros_ws/src/student_src/install/mk_pkg' for CMake module files
[2.546s] Level 1:colcon.colcon_core.environment:checking '/ros_ws/src/student_src/install/mk_pkg' for CMake config files
[2.548s] Level 1:colcon.colcon_core.environment:checking '/ros_ws/src/student_src/install/mk_pkg/lib'
[2.549s] Level 1:colcon.colcon_core.environment:checking '/ros_ws/src/student_src/install/mk_pkg/bin'
[2.549s] Level 1:colcon.colcon_core.environment:checking '/ros_ws/src/student_src/install/mk_pkg/lib/pkgconfig/mk_pkg.pc'
[2.549s] Level 1:colcon.colcon_core.environment:checking '/ros_ws/src/student_src/install/mk_pkg/lib/python3.12/site-packages'
[2.549s] Level 1:colcon.colcon_core.shell:create_environment_hook('mk_pkg', 'pythonpath')
[2.549s] INFO:colcon.colcon_core.shell:Creating environment hook '/ros_ws/src/student_src/install/mk_pkg/share/mk_pkg/hook/pythonpath.ps1'
[2.550s] INFO:colcon.colcon_core.shell:Creating environment descriptor '/ros_ws/src/student_src/install/mk_pkg/share/mk_pkg/hook/pythonpath.dsv'
[2.550s] INFO:colcon.colcon_core.shell:Creating environment hook '/ros_ws/src/student_src/install/mk_pkg/share/mk_pkg/hook/pythonpath.sh'
[2.551s] Level 1:colcon.colcon_core.environment:checking '/ros_ws/src/student_src/install/mk_pkg/bin'
[2.551s] Level 1:colcon.colcon_core.environment:create_environment_scripts_only(mk_pkg)
[2.551s] INFO:colcon.colcon_core.shell:Creating package script '/ros_ws/src/student_src/install/mk_pkg/share/mk_pkg/package.ps1'
[2.552s] INFO:colcon.colcon_core.shell:Creating package descriptor '/ros_ws/src/student_src/install/mk_pkg/share/mk_pkg/package.dsv'
[2.552s] INFO:colcon.colcon_core.shell:Creating package script '/ros_ws/src/student_src/install/mk_pkg/share/mk_pkg/package.sh'
[2.553s] INFO:colcon.colcon_core.shell:Creating package script '/ros_ws/src/student_src/install/mk_pkg/share/mk_pkg/package.bash'
[2.553s] INFO:colcon.colcon_core.shell:Creating package script '/ros_ws/src/student_src/install/mk_pkg/share/mk_pkg/package.zsh'
[2.553s] Level 1:colcon.colcon_core.environment:create_file_with_runtime_dependencies(/ros_ws/src/student_src/install/mk_pkg/share/colcon-core/packages/mk_pkg)
[2.554s] DEBUG:colcon.colcon_parallel_executor.executor.parallel:closing loop
[2.554s] DEBUG:colcon.colcon_parallel_executor.executor.parallel:loop closed
[2.554s] DEBUG:colcon.colcon_parallel_executor.executor.parallel:run_until_complete finished with '0'
[2.555s] DEBUG:colcon.colcon_core.event_reactor:joining thread
[2.560s] INFO:colcon.colcon_core.plugin_system:Skipping extension 'colcon_notification.desktop_notification.notify_send': Could not find 'notify-send'
[2.561s] INFO:colcon.colcon_core.plugin_system:Skipping extension 'colcon_notification.desktop_notification.terminal_notifier': Not used on non-Darwin systems
[2.561s] INFO:colcon.colcon_core.plugin_system:Skipping extension 'colcon_notification.desktop_notification.win32': Not used on non-Windows systems
[2.561s] INFO:colcon.colcon_notification.desktop_notification:Sending desktop notification using 'notify2'
[2.566s] DEBUG:colcon.colcon_notification.desktop_notification.notify2:Failed to initialize notify2: org.freedesktop.DBus.Error.Spawn.ExecFailed: /usr/bin/dbus-launch terminated abnormally without any error message
[2.566s] DEBUG:colcon.colcon_core.event_reactor:joined thread
[2.567s] INFO:colcon.colcon_core.shell:Creating prefix script '/ros_ws/src/student_src/install/local_setup.ps1'
[2.568s] INFO:colcon.colcon_core.shell:Creating prefix util module '/ros_ws/src/student_src/install/_local_setup_util_ps1.py'
[2.569s] INFO:colcon.colcon_core.shell:Creating prefix chain script '/ros_ws/src/student_src/install/setup.ps1'
[2.571s] INFO:colcon.colcon_core.shell:Creating prefix script '/ros_ws/src/student_src/install/local_setup.sh'
[2.571s] INFO:colcon.colcon_core.shell:Creating prefix util module '/ros_ws/src/student_src/install/_local_setup_util_sh.py'
[2.572s] INFO:colcon.colcon_core.shell:Creating prefix chain script '/ros_ws/src/student_src/install/setup.sh'
[2.573s] INFO:colcon.colcon_core.shell:Creating prefix script '/ros_ws/src/student_src/install/local_setup.bash'
[2.574s] INFO:colcon.colcon_core.shell:Creating prefix chain script '/ros_ws/src/student_src/install/setup.bash'
[2.574s] INFO:colcon.colcon_core.shell:Creating prefix script '/ros_ws/src/student_src/install/local_setup.zsh'
[2.575s] INFO:colcon.colcon_core.shell:Creating prefix chain script '/ros_ws/src/student_src/install/setup.zsh'
