[0.987s] Invoking command in '/ros_ws/src/student_src/build/mk_pkg': PYTHONPATH=/ros_ws/src/student_src/build/mk_pkg/prefix_override:/usr/lib/python3/dist-packages/colcon_core/task/python/colcon_distutils_commands:/ros_ws/src/student_src/install/mk_pkg/lib/python3.12/site-packages:${PYTHONPATH} /usr/bin/python3 -W ignore:setup.py install is deprecated -W ignore:easy_install command is deprecated setup.py develop --editable --build-directory /ros_ws/src/student_src/build/mk_pkg/build --no-deps symlink_data
[1.326s] running develop
[1.423s] running egg_info
[1.427s] creating mk_pkg.egg-info
[1.434s] writing mk_pkg.egg-info/PKG-INFO
[1.435s] writing dependency_links to mk_pkg.egg-info/dependency_links.txt
[1.436s] writing requirements to mk_pkg.egg-info/requires.txt
[1.436s] writing top-level names to mk_pkg.egg-info/top_level.txt
[1.437s] writing manifest file 'mk_pkg.egg-info/SOURCES.txt'
[1.460s] reading manifest file 'mk_pkg.egg-info/SOURCES.txt'
[1.461s] writing manifest file 'mk_pkg.egg-info/SOURCES.txt'
[1.473s] running build_ext
[1.474s] Creating /ros_ws/src/student_src/install/mk_pkg/lib/python3.12/site-packages/mk-pkg.egg-link (link to .)
[1.475s] 
[1.476s] Installed /ros_ws/src/student_src/build/mk_pkg
[1.477s] running symlink_data
[1.477s] creating /ros_ws/src/student_src/install/mk_pkg/share/ament_index
[1.477s] creating /ros_ws/src/student_src/install/mk_pkg/share/ament_index/resource_index
[1.478s] creating /ros_ws/src/student_src/install/mk_pkg/share/ament_index/resource_index/packages
[1.481s] symbolically linking /ros_ws/src/student_src/build/mk_pkg/resource/mk_pkg -> /ros_ws/src/student_src/install/mk_pkg/share/ament_index/resource_index/packages
[1.485s] symbolically linking /ros_ws/src/student_src/build/mk_pkg/package.xml -> /ros_ws/src/student_src/install/mk_pkg/share/mk_pkg
[1.502s] Invoked command in '/ros_ws/src/student_src/build/mk_pkg' returned '0': PYTHONPATH=/ros_ws/src/student_src/build/mk_pkg/prefix_override:/usr/lib/python3/dist-packages/colcon_core/task/python/colcon_distutils_commands:/ros_ws/src/student_src/install/mk_pkg/lib/python3.12/site-packages:${PYTHONPATH} /usr/bin/python3 -W ignore:setup.py install is deprecated -W ignore:easy_install command is deprecated setup.py develop --editable --build-directory /ros_ws/src/student_src/build/mk_pkg/build --no-deps symlink_data
