[1.026s] Invoking command in '/ros_ws/src/student_src/mk_pkg/build/mk_pkg': PYTHONPATH=/ros_ws/src/student_src/mk_pkg/build/mk_pkg/prefix_override:/usr/lib/python3/dist-packages/colcon_core/task/python/colcon_distutils_commands:/ros_ws/src/student_src/mk_pkg/install/mk_pkg/lib/python3.12/site-packages:${PYTHONPATH} /usr/bin/python3 -W ignore:setup.py install is deprecated -W ignore:easy_install command is deprecated setup.py develop --editable --build-directory /ros_ws/src/student_src/mk_pkg/build/mk_pkg/build --no-deps symlink_data
[1.410s] running develop
[1.532s] running egg_info
[1.535s] creating mk_pkg.egg-info
[1.552s] writing mk_pkg.egg-info/PKG-INFO
[1.553s] writing dependency_links to mk_pkg.egg-info/dependency_links.txt
[1.554s] writing entry points to mk_pkg.egg-info/entry_points.txt
[1.556s] writing requirements to mk_pkg.egg-info/requires.txt
[1.557s] writing top-level names to mk_pkg.egg-info/top_level.txt
[1.558s] writing manifest file 'mk_pkg.egg-info/SOURCES.txt'
[1.599s] reading manifest file 'mk_pkg.egg-info/SOURCES.txt'
[1.604s] writing manifest file 'mk_pkg.egg-info/SOURCES.txt'
[1.623s] running build_ext
[1.624s] Creating /ros_ws/src/student_src/mk_pkg/install/mk_pkg/lib/python3.12/site-packages/mk-pkg.egg-link (link to .)
[1.628s] Installing distance script to /ros_ws/src/student_src/mk_pkg/install/mk_pkg/lib/mk_pkg
[1.630s] Installing lab1_4 script to /ros_ws/src/student_src/mk_pkg/install/mk_pkg/lib/mk_pkg
[1.631s] Installing mk_estop_reset script to /ros_ws/src/student_src/mk_pkg/install/mk_pkg/lib/mk_pkg
[1.633s] Installing mk_fsm_mode script to /ros_ws/src/student_src/mk_pkg/install/mk_pkg/lib/mk_pkg
[1.636s] Installing mk_mode_select script to /ros_ws/src/student_src/mk_pkg/install/mk_pkg/lib/mk_pkg
[1.638s] Installing moveturtle script to /ros_ws/src/student_src/mk_pkg/install/mk_pkg/lib/mk_pkg
[1.639s] 
[1.639s] Installed /ros_ws/src/student_src/mk_pkg/build/mk_pkg
[1.640s] running symlink_data
[1.640s] creating /ros_ws/src/student_src/mk_pkg/install/mk_pkg/share/ament_index
[1.641s] creating /ros_ws/src/student_src/mk_pkg/install/mk_pkg/share/ament_index/resource_index
[1.641s] creating /ros_ws/src/student_src/mk_pkg/install/mk_pkg/share/ament_index/resource_index/packages
[1.641s] symbolically linking /ros_ws/src/student_src/mk_pkg/build/mk_pkg/resource/mk_pkg -> /ros_ws/src/student_src/mk_pkg/install/mk_pkg/share/ament_index/resource_index/packages
[1.644s] symbolically linking /ros_ws/src/student_src/mk_pkg/build/mk_pkg/package.xml -> /ros_ws/src/student_src/mk_pkg/install/mk_pkg/share/mk_pkg
[1.645s] symbolically linking /ros_ws/src/student_src/mk_pkg/build/mk_pkg/launch/mvturtle_launch.py -> /ros_ws/src/student_src/mk_pkg/install/mk_pkg/share/mk_pkg
[1.647s] symbolically linking /ros_ws/src/student_src/mk_pkg/build/mk_pkg/launch/launch_distance.py -> /ros_ws/src/student_src/mk_pkg/install/mk_pkg/share/mk_pkg
[1.648s] symbolically linking /ros_ws/src/student_src/mk_pkg/build/mk_pkg/launch/converter_launch.py -> /ros_ws/src/student_src/mk_pkg/install/mk_pkg/share/mk_pkg
[1.652s] symbolically linking /ros_ws/src/student_src/mk_pkg/build/mk_pkg/launch/mk_mode_select_launch.py -> /ros_ws/src/student_src/mk_pkg/install/mk_pkg/share/mk_pkg
[1.687s] Invoked command in '/ros_ws/src/student_src/mk_pkg/build/mk_pkg' returned '0': PYTHONPATH=/ros_ws/src/student_src/mk_pkg/build/mk_pkg/prefix_override:/usr/lib/python3/dist-packages/colcon_core/task/python/colcon_distutils_commands:/ros_ws/src/student_src/mk_pkg/install/mk_pkg/lib/python3.12/site-packages:${PYTHONPATH} /usr/bin/python3 -W ignore:setup.py install is deprecated -W ignore:easy_install command is deprecated setup.py develop --editable --build-directory /ros_ws/src/student_src/mk_pkg/build/mk_pkg/build --no-deps symlink_data
