[1.670s] Invoking command in '/ros_ws/src/student_src/build/mk_odometry': PYTHONPATH=/ros_ws/src/student_src/build/mk_odometry/prefix_override:/usr/lib/python3/dist-packages/colcon_core/task/python/colcon_distutils_commands:/ros_ws/src/student_src/install/mk_odometry/lib/python3.12/site-packages:${PYTHONPATH} /usr/bin/python3 -W ignore:setup.py install is deprecated -W ignore:easy_install command is deprecated setup.py develop --uninstall --editable --build-directory /ros_ws/src/student_src/build/mk_odometry/build
[2.024s] running develop
[2.164s] Removing /ros_ws/src/student_src/install/mk_odometry/lib/python3.12/site-packages/mk-odometry.egg-link (link to .)
[2.190s] Invoked command in '/ros_ws/src/student_src/build/mk_odometry' returned '0': PYTHONPATH=/ros_ws/src/student_src/build/mk_odometry/prefix_override:/usr/lib/python3/dist-packages/colcon_core/task/python/colcon_distutils_commands:/ros_ws/src/student_src/install/mk_odometry/lib/python3.12/site-packages:${PYTHONPATH} /usr/bin/python3 -W ignore:setup.py install is deprecated -W ignore:easy_install command is deprecated setup.py develop --uninstall --editable --build-directory /ros_ws/src/student_src/build/mk_odometry/build
[2.197s] Invoking command in '/ros_ws/src/student_src/mk_odometry': PYTHONPATH=/ros_ws/src/student_src/build/mk_odometry/prefix_override:/usr/lib/python3/dist-packages/colcon_core/task/python/colcon_distutils_commands:/ros_ws/src/student_src/install/mk_odometry/lib/python3.12/site-packages:${PYTHONPATH} /usr/bin/python3 -W ignore:setup.py install is deprecated -W ignore:easy_install command is deprecated setup.py egg_info --egg-base ../build/mk_odometry build --build-base /ros_ws/src/student_src/build/mk_odometry/build install --record /ros_ws/src/student_src/build/mk_odometry/install.log --single-version-externally-managed install_data --force
[2.507s] running egg_info
[2.517s] writing ../build/mk_odometry/mk_odometry.egg-info/PKG-INFO
[2.520s] writing dependency_links to ../build/mk_odometry/mk_odometry.egg-info/dependency_links.txt
[2.521s] writing entry points to ../build/mk_odometry/mk_odometry.egg-info/entry_points.txt
[2.522s] writing requirements to ../build/mk_odometry/mk_odometry.egg-info/requires.txt
[2.522s] writing top-level names to ../build/mk_odometry/mk_odometry.egg-info/top_level.txt
[2.558s] reading manifest file '../build/mk_odometry/mk_odometry.egg-info/SOURCES.txt'
[2.564s] writing manifest file '../build/mk_odometry/mk_odometry.egg-info/SOURCES.txt'
[2.565s] running build
[2.565s] running build_py
[2.565s] creating /ros_ws/src/student_src/build/mk_odometry/build
[2.565s] creating /ros_ws/src/student_src/build/mk_odometry/build/lib
[2.568s] creating /ros_ws/src/student_src/build/mk_odometry/build/lib/mk_odometry
[2.569s] copying mk_odometry/__init__.py -> /ros_ws/src/student_src/build/mk_odometry/build/lib/mk_odometry
[2.570s] copying mk_odometry/odom_main.py -> /ros_ws/src/student_src/build/mk_odometry/build/lib/mk_odometry
[2.573s] running install
[2.578s] running install_lib
[2.591s] creating /ros_ws/src/student_src/install/mk_odometry/lib/python3.12/site-packages/mk_odometry
[2.591s] copying /ros_ws/src/student_src/build/mk_odometry/build/lib/mk_odometry/__init__.py -> /ros_ws/src/student_src/install/mk_odometry/lib/python3.12/site-packages/mk_odometry
[2.598s] copying /ros_ws/src/student_src/build/mk_odometry/build/lib/mk_odometry/odom_main.py -> /ros_ws/src/student_src/install/mk_odometry/lib/python3.12/site-packages/mk_odometry
[2.600s] byte-compiling /ros_ws/src/student_src/install/mk_odometry/lib/python3.12/site-packages/mk_odometry/__init__.py to __init__.cpython-312.pyc
[2.601s] byte-compiling /ros_ws/src/student_src/install/mk_odometry/lib/python3.12/site-packages/mk_odometry/odom_main.py to odom_main.cpython-312.pyc
[2.610s] running install_data
[2.611s] copying resource/mk_odometry -> /ros_ws/src/student_src/install/mk_odometry/share/ament_index/resource_index/packages
[2.613s] copying package.xml -> /ros_ws/src/student_src/install/mk_odometry/share/mk_odometry
[2.616s] copying launch/odom_launch.py -> /ros_ws/src/student_src/install/mk_odometry/share/mk_odometry
[2.617s] running install_egg_info
[2.627s] Copying ../build/mk_odometry/mk_odometry.egg-info to /ros_ws/src/student_src/install/mk_odometry/lib/python3.12/site-packages/mk_odometry-0.0.0-py3.12.egg-info
[2.638s] running install_scripts
[2.751s] Installing mk_odom script to /ros_ws/src/student_src/install/mk_odometry/lib/mk_odometry
[2.754s] writing list of installed files to '/ros_ws/src/student_src/build/mk_odometry/install.log'
[2.780s] Invoked command in '/ros_ws/src/student_src/mk_odometry' returned '0': PYTHONPATH=/ros_ws/src/student_src/build/mk_odometry/prefix_override:/usr/lib/python3/dist-packages/colcon_core/task/python/colcon_distutils_commands:/ros_ws/src/student_src/install/mk_odometry/lib/python3.12/site-packages:${PYTHONPATH} /usr/bin/python3 -W ignore:setup.py install is deprecated -W ignore:easy_install command is deprecated setup.py egg_info --egg-base ../build/mk_odometry build --build-base /ros_ws/src/student_src/build/mk_odometry/build install --record /ros_ws/src/student_src/build/mk_odometry/install.log --single-version-externally-managed install_data --force
