[1.400s] Invoking command in '/ros_ws/src/student_src/build/mk_pid_control': PYTHONPATH=/ros_ws/src/student_src/build/mk_pid_control/prefix_override:/usr/lib/python3/dist-packages/colcon_core/task/python/colcon_distutils_commands:/ros_ws/src/student_src/install/mk_pid_control/lib/python3.12/site-packages:${PYTHONPATH} /usr/bin/python3 -W ignore:setup.py install is deprecated -W ignore:easy_install command is deprecated setup.py develop --editable --build-directory /ros_ws/src/student_src/build/mk_pid_control/build --no-deps symlink_data
[1.771s] running develop
[1.894s] running egg_info
[1.895s] creating mk_pid_control.egg-info
[1.905s] writing mk_pid_control.egg-info/PKG-INFO
[1.906s] writing dependency_links to mk_pid_control.egg-info/dependency_links.txt
[1.907s] writing entry points to mk_pid_control.egg-info/entry_points.txt
[1.911s] writing requirements to mk_pid_control.egg-info/requires.txt
[1.912s] writing top-level names to mk_pid_control.egg-info/top_level.txt
[1.917s] writing manifest file 'mk_pid_control.egg-info/SOURCES.txt'
[1.949s] reading manifest file 'mk_pid_control.egg-info/SOURCES.txt'
[1.956s] writing manifest file 'mk_pid_control.egg-info/SOURCES.txt'
[1.968s] running build_ext
[1.969s] Creating /ros_ws/src/student_src/install/mk_pid_control/lib/python3.12/site-packages/mk-pid-control.egg-link (link to .)
[1.973s] Installing pid_control script to /ros_ws/src/student_src/install/mk_pid_control/lib/mk_pid_control
[1.975s] 
[1.976s] Installed /ros_ws/src/student_src/build/mk_pid_control
[1.977s] running symlink_data
[1.978s] creating /ros_ws/src/student_src/install/mk_pid_control/share/ament_index
[1.978s] creating /ros_ws/src/student_src/install/mk_pid_control/share/ament_index/resource_index
[1.978s] creating /ros_ws/src/student_src/install/mk_pid_control/share/ament_index/resource_index/packages
[1.979s] symbolically linking /ros_ws/src/student_src/build/mk_pid_control/resource/mk_pid_control -> /ros_ws/src/student_src/install/mk_pid_control/share/ament_index/resource_index/packages
[1.980s] symbolically linking /ros_ws/src/student_src/build/mk_pid_control/package.xml -> /ros_ws/src/student_src/install/mk_pid_control/share/mk_pid_control
[1.981s] creating /ros_ws/src/student_src/install/mk_pid_control/share/mk_pid_control/launch
[1.981s] symbolically linking /ros_ws/src/student_src/build/mk_pid_control/launch/mk_pid_control_launch.py -> /ros_ws/src/student_src/install/mk_pid_control/share/mk_pid_control/launch
[2.007s] Invoked command in '/ros_ws/src/student_src/build/mk_pid_control' returned '0': PYTHONPATH=/ros_ws/src/student_src/build/mk_pid_control/prefix_override:/usr/lib/python3/dist-packages/colcon_core/task/python/colcon_distutils_commands:/ros_ws/src/student_src/install/mk_pid_control/lib/python3.12/site-packages:${PYTHONPATH} /usr/bin/python3 -W ignore:setup.py install is deprecated -W ignore:easy_install command is deprecated setup.py develop --editable --build-directory /ros_ws/src/student_src/build/mk_pid_control/build --no-deps symlink_data
